                      :-) GROMACS - gmx mdrun, 2020.2 (-:

                            GROMACS is written by:
     Emile Apol      Rossen Apostolov      Paul Bauer     Herman J.C. Berendsen
    Par Bjelkmar      Christian Blau   Viacheslav Bolnykh     Kevin Boyd    
 Aldert van Buuren   Rudi van Drunen     Anton Feenstra       Alan Gray     
  Gerrit Groenhof     Anca Hamuraru    Vincent Hindriksen  M. Eric Irrgang  
  Aleksei Iupinov   Christoph Junghans     Joe Jordan     Dimitrios Karkoulis
    Peter Kasson        Jiri Kraus      Carsten Kutzner      Per Larsson    
  Justin A. Lemkul    Viveca Lindahl    Magnus Lundborg     Erik Marklund   
    Pascal Merz     Pieter Meulenhoff    Teemu Murtola       Szilard Pall   
    Sander Pronk      Roland Schulz      Michael Shirts    Alexey Shvetsov  
   Alfons Sijbers     Peter Tieleman      Jon Vincent      Teemu Virolainen 
 Christian Wennberg    Maarten Wolf      Artem Zhmurov   
                           and the project leaders:
        Mark Abraham, Berk Hess, Erik Lindahl, and David van der Spoel

Copyright (c) 1991-2000, University of Groningen, The Netherlands.
Copyright (c) 2001-2019, The GROMACS development team at
Uppsala University, Stockholm University and
the Royal Institute of Technology, Sweden.
check out http://www.gromacs.org for more information.

GROMACS is free software; you can redistribute it and/or modify it
under the terms of the GNU Lesser General Public License
as published by the Free Software Foundation; either version 2.1
of the License, or (at your option) any later version.

GROMACS:      gmx mdrun, version 2020.2
Executable:   /cvmfs/soft.computecanada.ca/easybuild/software/2017/avx2/MPI/gcc7.3/openmpi3.1/gromacs/2020.2/bin/gmx
Data prefix:  /cvmfs/soft.computecanada.ca/easybuild/software/2017/avx2/MPI/gcc7.3/openmpi3.1/gromacs/2020.2
Working dir:  /home/mastwood/gromacs
Process ID:   19810
Command line:
  gmx mdrun -deffnm nvt

GROMACS version:    2020.2
Verified release checksum is 3f718d436b1ac2d44ce97164df8a13322fc143498ba44eccfd567e20d8aaea1d
Precision:          single
Memory model:       64 bit
MPI library:        none
OpenMP support:     enabled (GMX_OPENMP_MAX_THREADS = 64)
GPU support:        disabled
SIMD instructions:  AVX2_256
FFT library:        Intel MKL
RDTSCP usage:       enabled
TNG support:        enabled
Hwloc support:      hwloc-1.11.2
Tracing support:    disabled
C compiler:         /cvmfs/soft.computecanada.ca/easybuild/software/2017/avx2/Compiler/gcc7.3/openmpi/3.1.2/bin/mpicc GNU 7.3.0
C compiler flags:   -mavx2 -mfma -fexcess-precision=fast -funroll-all-loops -O3 -DNDEBUG
C++ compiler:       /cvmfs/soft.computecanada.ca/easybuild/software/2017/avx2/Compiler/gcc7.3/openmpi/3.1.2/bin/mpicxx GNU 7.3.0
C++ compiler flags: -mavx2 -mfma -fexcess-precision=fast -funroll-all-loops -fopenmp -O3 -DNDEBUG


Running on 1 node with total 32 cores, 32 logical cores
Hardware detected:
  CPU info:
    Vendor: Intel
    Brand:  Intel(R) Xeon(R) CPU E5-2683 v4 @ 2.10GHz
    Family: 6   Model: 79   Stepping: 1
    Features: aes apic avx avx2 clfsh cmov cx8 cx16 f16c fma hle htt intel lahf mmx msr nonstop_tsc pcid pclmuldq pdcm pdpe1gb popcnt pse rdrnd rdtscp rtm sse2 sse3 sse4.1 sse4.2 ssse3 tdt x2apic
  Hardware topology: Only logical processor count


++++ PLEASE READ AND CITE THE FOLLOWING REFERENCE ++++
M. J. Abraham, T. Murtola, R. Schulz, S. Páll, J. C. Smith, B. Hess, E.
Lindahl
GROMACS: High performance molecular simulations through multi-level
parallelism from laptops to supercomputers
SoftwareX 1 (2015) pp. 19-25
-------- -------- --- Thank You --- -------- --------


++++ PLEASE READ AND CITE THE FOLLOWING REFERENCE ++++
S. Páll, M. J. Abraham, C. Kutzner, B. Hess, E. Lindahl
Tackling Exascale Software Challenges in Molecular Dynamics Simulations with
GROMACS
In S. Markidis & E. Laure (Eds.), Solving Software Challenges for Exascale 8759 (2015) pp. 3-27
-------- -------- --- Thank You --- -------- --------


++++ PLEASE READ AND CITE THE FOLLOWING REFERENCE ++++
S. Pronk, S. Páll, R. Schulz, P. Larsson, P. Bjelkmar, R. Apostolov, M. R.
Shirts, J. C. Smith, P. M. Kasson, D. van der Spoel, B. Hess, and E. Lindahl
GROMACS 4.5: a high-throughput and highly parallel open source molecular
simulation toolkit
Bioinformatics 29 (2013) pp. 845-54
-------- -------- --- Thank You --- -------- --------


++++ PLEASE READ AND CITE THE FOLLOWING REFERENCE ++++
B. Hess and C. Kutzner and D. van der Spoel and E. Lindahl
GROMACS 4: Algorithms for highly efficient, load-balanced, and scalable
molecular simulation
J. Chem. Theory Comput. 4 (2008) pp. 435-447
-------- -------- --- Thank You --- -------- --------


++++ PLEASE READ AND CITE THE FOLLOWING REFERENCE ++++
D. van der Spoel, E. Lindahl, B. Hess, G. Groenhof, A. E. Mark and H. J. C.
Berendsen
GROMACS: Fast, Flexible and Free
J. Comp. Chem. 26 (2005) pp. 1701-1719
-------- -------- --- Thank You --- -------- --------


++++ PLEASE READ AND CITE THE FOLLOWING REFERENCE ++++
E. Lindahl and B. Hess and D. van der Spoel
GROMACS 3.0: A package for molecular simulation and trajectory analysis
J. Mol. Mod. 7 (2001) pp. 306-317
-------- -------- --- Thank You --- -------- --------


++++ PLEASE READ AND CITE THE FOLLOWING REFERENCE ++++
H. J. C. Berendsen, D. van der Spoel and R. van Drunen
GROMACS: A message-passing parallel molecular dynamics implementation
Comp. Phys. Comm. 91 (1995) pp. 43-56
-------- -------- --- Thank You --- -------- --------


++++ PLEASE CITE THE DOI FOR THIS VERSION OF GROMACS ++++
https://doi.org/10.5281/zenodo.3773801
-------- -------- --- Thank You --- -------- --------

Input Parameters:
   integrator                     = md
   tinit                          = 0
   dt                             = 0.002
   nsteps                         = 50000
   init-step                      = 0
   simulation-part                = 1
   comm-mode                      = Linear
   nstcomm                        = 100
   bd-fric                        = 0
   ld-seed                        = -448147597
   emtol                          = 10
   emstep                         = 0.01
   niter                          = 20
   fcstep                         = 0
   nstcgsteep                     = 1000
   nbfgscorr                      = 10
   rtpi                           = 0.05
   nstxout                        = 0
   nstvout                        = 0
   nstfout                        = 0
   nstlog                         = 500
   nstcalcenergy                  = 100
   nstenergy                      = 500
   nstxout-compressed             = 500
   compressed-x-precision         = 1000
   cutoff-scheme                  = Verlet
   nstlist                        = 20
   pbc                            = xyz
   periodic-molecules             = false
   verlet-buffer-tolerance        = 0.005
   rlist                          = 1.222
   coulombtype                    = PME
   coulomb-modifier               = Potential-shift
   rcoulomb-switch                = 0
   rcoulomb                       = 1.2
   epsilon-r                      = 1
   epsilon-rf                     = inf
   vdw-type                       = Cut-off
   vdw-modifier                   = Force-switch
   rvdw-switch                    = 1
   rvdw                           = 1.2
   DispCorr                       = No
   table-extension                = 1
   fourierspacing                 = 0.16
   fourier-nx                     = 48
   fourier-ny                     = 48
   fourier-nz                     = 48
   pme-order                      = 4
   ewald-rtol                     = 1e-05
   ewald-rtol-lj                  = 0.001
   lj-pme-comb-rule               = Geometric
   ewald-geometry                 = 0
   epsilon-surface                = 0
   tcoupl                         = V-rescale
   nsttcouple                     = 20
   nh-chain-length                = 0
   print-nose-hoover-chain-variables = false
   pcoupl                         = No
   pcoupltype                     = Isotropic
   nstpcouple                     = -1
   tau-p                          = 1
   compressibility (3x3):
      compressibility[    0]={ 0.00000e+00,  0.00000e+00,  0.00000e+00}
      compressibility[    1]={ 0.00000e+00,  0.00000e+00,  0.00000e+00}
      compressibility[    2]={ 0.00000e+00,  0.00000e+00,  0.00000e+00}
   ref-p (3x3):
      ref-p[    0]={ 0.00000e+00,  0.00000e+00,  0.00000e+00}
      ref-p[    1]={ 0.00000e+00,  0.00000e+00,  0.00000e+00}
      ref-p[    2]={ 0.00000e+00,  0.00000e+00,  0.00000e+00}
   refcoord-scaling               = No
   posres-com (3):
      posres-com[0]= 0.00000e+00
      posres-com[1]= 0.00000e+00
      posres-com[2]= 0.00000e+00
   posres-comB (3):
      posres-comB[0]= 0.00000e+00
      posres-comB[1]= 0.00000e+00
      posres-comB[2]= 0.00000e+00
   QMMM                           = false
   QMconstraints                  = 0
   QMMMscheme                     = 0
   MMChargeScaleFactor            = 1
qm-opts:
   ngQM                           = 0
   constraint-algorithm           = Lincs
   continuation                   = false
   Shake-SOR                      = false
   shake-tol                      = 0.0001
   lincs-order                    = 4
   lincs-iter                     = 1
   lincs-warnangle                = 30
   nwall                          = 0
   wall-type                      = 9-3
   wall-r-linpot                  = -1
   wall-atomtype[0]               = -1
   wall-atomtype[1]               = -1
   wall-density[0]                = 0
   wall-density[1]                = 0
   wall-ewald-zfac                = 3
   pull                           = false
   awh                            = false
   rotation                       = false
   interactiveMD                  = false
   disre                          = No
   disre-weighting                = Conservative
   disre-mixed                    = false
   dr-fc                          = 1000
   dr-tau                         = 0
   nstdisreout                    = 100
   orire-fc                       = 0
   orire-tau                      = 0
   nstorireout                    = 100
   free-energy                    = no
   cos-acceleration               = 0
   deform (3x3):
      deform[    0]={ 0.00000e+00,  0.00000e+00,  0.00000e+00}
      deform[    1]={ 0.00000e+00,  0.00000e+00,  0.00000e+00}
      deform[    2]={ 0.00000e+00,  0.00000e+00,  0.00000e+00}
   simulated-tempering            = false
   swapcoords                     = no
   userint1                       = 0
   userint2                       = 0
   userint3                       = 0
   userint4                       = 0
   userreal1                      = 0
   userreal2                      = 0
   userreal3                      = 0
   userreal4                      = 0
   applied-forces:
     electric-field:
       x:
         E0                       = 0
         omega                    = 0
         t0                       = 0
         sigma                    = 0
       y:
         E0                       = 0
         omega                    = 0
         t0                       = 0
         sigma                    = 0
       z:
         E0                       = 0
         omega                    = 0
         t0                       = 0
         sigma                    = 0
     density-guided-simulation:
       active                     = false
       group                      = protein
       similarity-measure         = inner-product
       atom-spreading-weight      = unity
       force-constant             = 1e+09
       gaussian-transform-spreading-width = 0.2
       gaussian-transform-spreading-range-in-multiples-of-width = 4
       reference-density-filename = reference.mrc
       nst                        = 1
       normalize-densities        = true
       adaptive-force-scaling     = false
       adaptive-force-scaling-time-constant = 4
grpopts:
   nrdf:      3858.8     55062.2
   ref-t:         300         300
   tau-t:         0.1         0.1
annealing:          No          No
annealing-npoints:           0           0
   acc:	           0           0           0
   nfreeze:           N           N           N
   energygrp-flags[  0]: 0

Changing nstlist from 20 to 80, rlist from 1.222 to 1.319

Non-default thread affinity set, disabling internal thread affinity

Using 32 OpenMP threads 

System total charge: 0.000
Will do PME sum in reciprocal space for electrostatic interactions.

++++ PLEASE READ AND CITE THE FOLLOWING REFERENCE ++++
U. Essmann, L. Perera, M. L. Berkowitz, T. Darden, H. Lee and L. G. Pedersen 
A smooth particle mesh Ewald method
J. Chem. Phys. 103 (1995) pp. 8577-8592
-------- -------- --- Thank You --- -------- --------

Using a Gaussian width (1/beta) of 0.384195 nm for Ewald
Potential shift: LJ r^-12: -2.648e-01 r^-6: -5.349e-01, Ewald -8.333e-06
Initialized non-bonded Ewald tables, spacing: 1.02e-03 size: 1176

Generated table with 1159 data points for 1-4 COUL.
Tabscale = 500 points/nm
Generated table with 1159 data points for 1-4 LJ6.
Tabscale = 500 points/nm
Generated table with 1159 data points for 1-4 LJ12.
Tabscale = 500 points/nm

Using SIMD 4x8 nonbonded short-range kernels

Using a dual 4x8 pair-list setup updated with dynamic pruning:
  outer list: updated every 80 steps, buffer 0.119 nm, rlist 1.319 nm
  inner list: updated every 13 steps, buffer 0.002 nm, rlist 1.202 nm
At tolerance 0.005 kJ/mol/ps per atom, equivalent classical 1x1 list would be:
  outer list: updated every 80 steps, buffer 0.263 nm, rlist 1.463 nm
  inner list: updated every 13 steps, buffer 0.051 nm, rlist 1.251 nm

Removing pbc first time

Initializing LINear Constraint Solver

++++ PLEASE READ AND CITE THE FOLLOWING REFERENCE ++++
B. Hess and H. Bekker and H. J. C. Berendsen and J. G. E. M. Fraaije
LINCS: A Linear Constraint Solver for molecular simulations
J. Comp. Chem. 18 (1997) pp. 1463-1472
-------- -------- --- Thank You --- -------- --------

The number of constraints is 770

++++ PLEASE READ AND CITE THE FOLLOWING REFERENCE ++++
S. Miyamoto and P. A. Kollman
SETTLE: An Analytical Version of the SHAKE and RATTLE Algorithms for Rigid
Water Models
J. Comp. Chem. 13 (1992) pp. 952-962
-------- -------- --- Thank You --- -------- --------


++++ PLEASE READ AND CITE THE FOLLOWING REFERENCE ++++
G. Bussi, D. Donadio and M. Parrinello
Canonical sampling through velocity rescaling
J. Chem. Phys. 126 (2007) pp. 014101
-------- -------- --- Thank You --- -------- --------

There are: 29075 Atoms

Constraining the starting coordinates (step 0)

Constraining the coordinates at t0-dt (step 0)
Center of mass motion removal mode is Linear
We have the following groups for center of mass motion removal:
  0:  rest
RMS relative constraint deviation after constraining: 3.41e-06
Initial temperature: 300.236 K

Started mdrun on rank 0 Sat Sep 26 00:14:54 2020

           Step           Time
              0        0.00000

   Energies (kJ/mol)
           Bond            U-B    Proper Dih.  Improper Dih.      CMAP Dih.
    2.74172e+02    1.11070e+03    3.64900e+03    4.83873e+01   -1.14791e+02
          LJ-14     Coulomb-14        LJ (SR)   Coulomb (SR)   Coul. recip.
    1.03737e+03    2.30969e+04    3.83030e+04   -5.02979e+05    1.81971e+03
 Position Rest.      Potential    Kinetic En.   Total Energy  Conserved En.
    7.30869e-04   -4.33755e+05    7.35830e+04   -3.60172e+05   -3.60172e+05
    Temperature Pressure (bar)   Constr. rmsd
    3.00402e+02   -4.22480e+03    3.37451e-06

           Step           Time
            500        1.00000

   Energies (kJ/mol)
           Bond            U-B    Proper Dih.  Improper Dih.      CMAP Dih.
    1.20857e+03    3.26651e+03    4.00985e+03    1.73148e+02   -1.24017e+02
          LJ-14     Coulomb-14        LJ (SR)   Coulomb (SR)   Coul. recip.
    1.04453e+03    2.29112e+04    3.77084e+04   -4.52280e+05    1.43912e+03
 Position Rest.      Potential    Kinetic En.   Total Energy  Conserved En.
    6.07868e+02   -3.80035e+05    7.22375e+04   -3.07798e+05   -3.59573e+05
    Temperature Pressure (bar)   Constr. rmsd
    2.94909e+02   -1.19393e+03    3.17714e-06

           Step           Time
           1000        2.00000

   Energies (kJ/mol)
           Bond            U-B    Proper Dih.  Improper Dih.      CMAP Dih.
    1.14541e+03    3.22428e+03    3.99000e+03    2.24674e+02   -1.15469e+02
          LJ-14     Coulomb-14        LJ (SR)   Coulomb (SR)   Coul. recip.
    1.09413e+03    2.27220e+04    3.83033e+04   -4.52150e+05    1.41015e+03
 Position Rest.      Potential    Kinetic En.   Total Energy  Conserved En.
    5.50871e+02   -3.79601e+05    7.36572e+04   -3.05943e+05   -3.59583e+05
    Temperature Pressure (bar)   Constr. rmsd
    3.00705e+02   -4.98875e+02    3.31346e-06

           Step           Time
           1500        3.00000

   Energies (kJ/mol)
           Bond            U-B    Proper Dih.  Improper Dih.      CMAP Dih.
    1.23686e+03    3.38929e+03    3.97210e+03    1.83195e+02   -1.35269e+02
          LJ-14     Coulomb-14        LJ (SR)   Coulomb (SR)   Coul. recip.
    1.04236e+03    2.27230e+04    3.71646e+04   -4.51509e+05    1.39159e+03
 Position Rest.      Potential    Kinetic En.   Total Energy  Conserved En.
    5.30591e+02   -3.80011e+05    7.34845e+04   -3.06526e+05   -3.59562e+05
    Temperature Pressure (bar)   Constr. rmsd
    3.00000e+02   -9.91129e+02    2.66793e-06

           Step           Time
           2000        4.00000

   Energies (kJ/mol)
           Bond            U-B    Proper Dih.  Improper Dih.      CMAP Dih.
    1.14398e+03    3.47762e+03    3.90046e+03    2.12591e+02   -9.32690e+01
          LJ-14     Coulomb-14        LJ (SR)   Coulomb (SR)   Coul. recip.
    1.11970e+03    2.27708e+04    3.90829e+04   -4.54194e+05    1.42842e+03
 Position Rest.      Potential    Kinetic En.   Total Energy  Conserved En.
    5.06154e+02   -3.80645e+05    7.34724e+04   -3.07172e+05   -3.59546e+05
    Temperature Pressure (bar)   Constr. rmsd
    2.99951e+02   -5.61449e+02    3.30626e-06

           Step           Time
           2500        5.00000

   Energies (kJ/mol)
           Bond            U-B    Proper Dih.  Improper Dih.      CMAP Dih.
    1.07734e+03    3.40668e+03    3.94232e+03    1.99226e+02   -1.28565e+02
          LJ-14     Coulomb-14        LJ (SR)   Coulomb (SR)   Coul. recip.
    1.09332e+03    2.28237e+04    3.78275e+04   -4.50807e+05    1.40721e+03
 Position Rest.      Potential    Kinetic En.   Total Energy  Conserved En.
    4.49462e+02   -3.78708e+05    7.40852e+04   -3.04623e+05   -3.59569e+05
    Temperature Pressure (bar)   Constr. rmsd
    3.02453e+02   -1.78272e+02    3.01762e-06

           Step           Time
           3000        6.00000

   Energies (kJ/mol)
           Bond            U-B    Proper Dih.  Improper Dih.      CMAP Dih.
    1.22298e+03    3.42333e+03    3.92670e+03    1.97370e+02   -1.23745e+02
          LJ-14     Coulomb-14        LJ (SR)   Coulomb (SR)   Coul. recip.
    1.03835e+03    2.26733e+04    3.70638e+04   -4.50601e+05    1.42163e+03
 Position Rest.      Potential    Kinetic En.   Total Energy  Conserved En.
    4.46726e+02   -3.79311e+05    7.38172e+04   -3.05494e+05   -3.59554e+05
    Temperature Pressure (bar)   Constr. rmsd
    3.01358e+02   -4.88063e+02    3.30751e-06

           Step           Time
           3500        7.00000

   Energies (kJ/mol)
           Bond            U-B    Proper Dih.  Improper Dih.      CMAP Dih.
    1.21827e+03    3.37377e+03    3.91185e+03    2.03987e+02   -1.11933e+02
          LJ-14     Coulomb-14        LJ (SR)   Coulomb (SR)   Coul. recip.
    1.08240e+03    2.28676e+04    3.81575e+04   -4.51021e+05    1.40589e+03
 Position Rest.      Potential    Kinetic En.   Total Energy  Conserved En.
    4.46437e+02   -3.78465e+05    7.40238e+04   -3.04441e+05   -3.59556e+05
    Temperature Pressure (bar)   Constr. rmsd
    3.02202e+02   -3.81576e+02    2.74159e-06

           Step           Time
           4000        8.00000

   Energies (kJ/mol)
           Bond            U-B    Proper Dih.  Improper Dih.      CMAP Dih.
    1.20220e+03    3.47094e+03    3.90549e+03    2.08486e+02   -7.60121e+01
          LJ-14     Coulomb-14        LJ (SR)   Coulomb (SR)   Coul. recip.
    1.05420e+03    2.26254e+04    3.76164e+04   -4.51519e+05    1.41546e+03
 Position Rest.      Potential    Kinetic En.   Total Energy  Conserved En.
    4.11819e+02   -3.79685e+05    7.43286e+04   -3.05356e+05   -3.59553e+05
    Temperature Pressure (bar)   Constr. rmsd
    3.03446e+02   -1.02440e+03    3.34646e-06

           Step           Time
           4500        9.00000

   Energies (kJ/mol)
           Bond            U-B    Proper Dih.  Improper Dih.      CMAP Dih.
    1.16764e+03    3.47245e+03    3.92448e+03    2.16177e+02   -7.28454e+01
          LJ-14     Coulomb-14        LJ (SR)   Coulomb (SR)   Coul. recip.
    1.07053e+03    2.27804e+04    3.63716e+04   -4.49286e+05    1.41956e+03
 Position Rest.      Potential    Kinetic En.   Total Energy  Conserved En.
    4.11367e+02   -3.78525e+05    7.42365e+04   -3.04288e+05   -3.59551e+05
    Temperature Pressure (bar)   Constr. rmsd
    3.03070e+02   -1.07112e+03    2.80846e-06

           Step           Time
           5000       10.00000

   Energies (kJ/mol)
           Bond            U-B    Proper Dih.  Improper Dih.      CMAP Dih.
    1.18901e+03    3.25317e+03    3.87147e+03    1.90566e+02   -1.01224e+02
          LJ-14     Coulomb-14        LJ (SR)   Coulomb (SR)   Coul. recip.
    1.05754e+03    2.27692e+04    3.75335e+04   -4.52301e+05    1.40446e+03
 Position Rest.      Potential    Kinetic En.   Total Energy  Conserved En.
    4.03033e+02   -3.80730e+05    7.30921e+04   -3.07638e+05   -3.59554e+05
    Temperature Pressure (bar)   Constr. rmsd
    2.98398e+02   -8.03479e+02    2.98674e-06

           Step           Time
           5500       11.00000

   Energies (kJ/mol)
           Bond            U-B    Proper Dih.  Improper Dih.      CMAP Dih.
    1.21937e+03    3.35348e+03    3.94541e+03    2.23772e+02   -1.57419e+02
          LJ-14     Coulomb-14        LJ (SR)   Coulomb (SR)   Coul. recip.
    1.02386e+03    2.27367e+04    3.80083e+04   -4.51446e+05    1.36450e+03
 Position Rest.      Potential    Kinetic En.   Total Energy  Conserved En.
    4.38164e+02   -3.79290e+05    7.35140e+04   -3.05776e+05   -3.59551e+05
    Temperature Pressure (bar)   Constr. rmsd
    3.00120e+02   -2.78880e+02    2.97969e-06

           Step           Time
           6000       12.00000

   Energies (kJ/mol)
           Bond            U-B    Proper Dih.  Improper Dih.      CMAP Dih.
    1.22346e+03    3.29238e+03    3.86772e+03    2.06212e+02   -1.41527e+02
          LJ-14     Coulomb-14        LJ (SR)   Coulomb (SR)   Coul. recip.
    1.05546e+03    2.28785e+04    3.70527e+04   -4.50726e+05    1.40662e+03
 Position Rest.      Potential    Kinetic En.   Total Energy  Conserved En.
    4.29009e+02   -3.79456e+05    7.32027e+04   -3.06253e+05   -3.59550e+05
    Temperature Pressure (bar)   Constr. rmsd
    2.98850e+02   -8.23386e+02    3.37771e-06

           Step           Time
           6500       13.00000

   Energies (kJ/mol)
           Bond            U-B    Proper Dih.  Improper Dih.      CMAP Dih.
    1.18505e+03    3.33341e+03    3.87692e+03    2.14956e+02   -9.35526e+01
          LJ-14     Coulomb-14        LJ (SR)   Coulomb (SR)   Coul. recip.
    1.00544e+03    2.28693e+04    3.73737e+04   -4.51141e+05    1.42953e+03
 Position Rest.      Potential    Kinetic En.   Total Energy  Conserved En.
    4.75772e+02   -3.79471e+05    7.28670e+04   -3.06604e+05   -3.59548e+05
    Temperature Pressure (bar)   Constr. rmsd
    2.97479e+02   -8.62912e+02    3.00403e-06

           Step           Time
           7000       14.00000

   Energies (kJ/mol)
           Bond            U-B    Proper Dih.  Improper Dih.      CMAP Dih.
    1.20651e+03    3.31315e+03    3.91114e+03    2.17265e+02   -1.02715e+02
          LJ-14     Coulomb-14        LJ (SR)   Coulomb (SR)   Coul. recip.
    1.01261e+03    2.30113e+04    3.79796e+04   -4.51173e+05    1.43626e+03
 Position Rest.      Potential    Kinetic En.   Total Energy  Conserved En.
    4.90036e+02   -3.78698e+05    7.28879e+04   -3.05810e+05   -3.59531e+05
    Temperature Pressure (bar)   Constr. rmsd
    2.97564e+02   -2.62533e+02    2.84769e-06

           Step           Time
           7500       15.00000

   Energies (kJ/mol)
           Bond            U-B    Proper Dih.  Improper Dih.      CMAP Dih.
    1.17530e+03    3.49878e+03    3.84608e+03    2.07049e+02   -7.57338e+01
          LJ-14     Coulomb-14        LJ (SR)   Coulomb (SR)   Coul. recip.
    1.07882e+03    2.26468e+04    3.69707e+04   -4.50575e+05    1.36045e+03
 Position Rest.      Potential    Kinetic En.   Total Energy  Conserved En.
    4.41571e+02   -3.79425e+05    7.29360e+04   -3.06489e+05   -3.59547e+05
    Temperature Pressure (bar)   Constr. rmsd
    2.97761e+02   -7.73832e+02    3.02664e-06

           Step           Time
           8000       16.00000

   Energies (kJ/mol)
           Bond            U-B    Proper Dih.  Improper Dih.      CMAP Dih.
    1.24074e+03    3.46132e+03    3.83516e+03    2.19456e+02   -1.33701e+02
          LJ-14     Coulomb-14        LJ (SR)   Coulomb (SR)   Coul. recip.
    1.06942e+03    2.27665e+04    3.65796e+04   -4.50253e+05    1.44966e+03
 Position Rest.      Potential    Kinetic En.   Total Energy  Conserved En.
    4.19372e+02   -3.79346e+05    7.36532e+04   -3.05692e+05   -3.59553e+05
    Temperature Pressure (bar)   Constr. rmsd
    3.00689e+02   -8.42122e+02    3.18786e-06

           Step           Time
           8500       17.00000

   Energies (kJ/mol)
           Bond            U-B    Proper Dih.  Improper Dih.      CMAP Dih.
    1.24395e+03    3.40189e+03    3.90543e+03    2.15899e+02   -1.03525e+02
          LJ-14     Coulomb-14        LJ (SR)   Coulomb (SR)   Coul. recip.
    1.03320e+03    2.28851e+04    3.78497e+04   -4.51633e+05    1.37909e+03
 Position Rest.      Potential    Kinetic En.   Total Energy  Conserved En.
    4.33358e+02   -3.79389e+05    7.29304e+04   -3.06458e+05   -3.59544e+05
    Temperature Pressure (bar)   Constr. rmsd
    2.97738e+02   -5.74537e+02    3.04815e-06

           Step           Time
           9000       18.00000

   Energies (kJ/mol)
           Bond            U-B    Proper Dih.  Improper Dih.      CMAP Dih.
    1.18226e+03    3.56986e+03    3.95773e+03    1.98932e+02   -1.53820e+02
          LJ-14     Coulomb-14        LJ (SR)   Coulomb (SR)   Coul. recip.
    1.02909e+03    2.27600e+04    3.73917e+04   -4.51390e+05    1.41387e+03
 Position Rest.      Potential    Kinetic En.   Total Energy  Conserved En.
    4.57419e+02   -3.79583e+05    7.35557e+04   -3.06027e+05   -3.59538e+05
    Temperature Pressure (bar)   Constr. rmsd
    3.00291e+02   -8.72633e+02    2.96339e-06

           Step           Time
           9500       19.00000

   Energies (kJ/mol)
           Bond            U-B    Proper Dih.  Improper Dih.      CMAP Dih.
    1.18777e+03    3.48862e+03    3.94760e+03    1.94222e+02   -1.54290e+02
          LJ-14     Coulomb-14        LJ (SR)   Coulomb (SR)   Coul. recip.
    1.05561e+03    2.29812e+04    3.72293e+04   -4.51270e+05    1.34462e+03
 Position Rest.      Potential    Kinetic En.   Total Energy  Conserved En.
    4.22055e+02   -3.79573e+05    7.36428e+04   -3.05930e+05   -3.59543e+05
    Temperature Pressure (bar)   Constr. rmsd
    3.00646e+02   -1.10966e+03    2.86285e-06

           Step           Time
          10000       20.00000

   Energies (kJ/mol)
           Bond            U-B    Proper Dih.  Improper Dih.      CMAP Dih.
    1.11147e+03    3.46276e+03    3.84244e+03    2.07863e+02   -1.23381e+02
          LJ-14     Coulomb-14        LJ (SR)   Coulomb (SR)   Coul. recip.
    1.05861e+03    2.27042e+04    3.76680e+04   -4.51458e+05    1.37232e+03
 Position Rest.      Potential    Kinetic En.   Total Energy  Conserved En.
    4.12371e+02   -3.79741e+05    7.33959e+04   -3.06345e+05   -3.59559e+05
    Temperature Pressure (bar)   Constr. rmsd
    2.99638e+02   -5.54209e+02    3.09198e-06

           Step           Time
          10500       21.00000

   Energies (kJ/mol)
           Bond            U-B    Proper Dih.  Improper Dih.      CMAP Dih.
    1.20487e+03    3.48233e+03    3.93206e+03    2.17671e+02   -1.20069e+02
          LJ-14     Coulomb-14        LJ (SR)   Coulomb (SR)   Coul. recip.
    1.08977e+03    2.28901e+04    3.77765e+04   -4.51775e+05    1.44247e+03
 Position Rest.      Potential    Kinetic En.   Total Energy  Conserved En.
    4.20420e+02   -3.79439e+05    7.38265e+04   -3.05612e+05   -3.59550e+05
    Temperature Pressure (bar)   Constr. rmsd
    3.01396e+02   -1.93817e+02    3.31457e-06

           Step           Time
          11000       22.00000

   Energies (kJ/mol)
           Bond            U-B    Proper Dih.  Improper Dih.      CMAP Dih.
    1.10298e+03    3.32432e+03    3.86759e+03    2.10829e+02   -9.44228e+01
          LJ-14     Coulomb-14        LJ (SR)   Coulomb (SR)   Coul. recip.
    1.03938e+03    2.27911e+04    3.76071e+04   -4.51538e+05    1.41044e+03
 Position Rest.      Potential    Kinetic En.   Total Energy  Conserved En.
    4.38903e+02   -3.79839e+05    7.33532e+04   -3.06486e+05   -3.59543e+05
    Temperature Pressure (bar)   Constr. rmsd
    2.99464e+02   -7.09184e+02    3.08580e-06

           Step           Time
          11500       23.00000

   Energies (kJ/mol)
           Bond            U-B    Proper Dih.  Improper Dih.      CMAP Dih.
    1.17921e+03    3.34012e+03    3.87391e+03    2.03240e+02   -1.25245e+02
          LJ-14     Coulomb-14        LJ (SR)   Coulomb (SR)   Coul. recip.
    1.04870e+03    2.28432e+04    3.63328e+04   -4.49652e+05    1.33080e+03
 Position Rest.      Potential    Kinetic En.   Total Energy  Conserved En.
    4.10379e+02   -3.79215e+05    7.34945e+04   -3.05721e+05   -3.59557e+05
    Temperature Pressure (bar)   Constr. rmsd
    3.00041e+02   -1.06921e+03    3.46668e-06

Writing checkpoint, step 11760 at Sat Sep 26 00:29:56 2020


           Step           Time
          12000       24.00000

   Energies (kJ/mol)
           Bond            U-B    Proper Dih.  Improper Dih.      CMAP Dih.
    1.11687e+03    3.38731e+03    3.84319e+03    1.82337e+02   -1.07350e+02
          LJ-14     Coulomb-14        LJ (SR)   Coulomb (SR)   Coul. recip.
    1.03246e+03    2.29091e+04    3.71600e+04   -4.51489e+05    1.42522e+03
 Position Rest.      Potential    Kinetic En.   Total Energy  Conserved En.
    4.34972e+02   -3.80105e+05    7.34770e+04   -3.06628e+05   -3.59547e+05
    Temperature Pressure (bar)   Constr. rmsd
    2.99970e+02   -7.66737e+02    2.84917e-06

           Step           Time
          12500       25.00000

   Energies (kJ/mol)
           Bond            U-B    Proper Dih.  Improper Dih.      CMAP Dih.
    1.26708e+03    3.51264e+03    3.87727e+03    1.92108e+02   -8.89956e+01
          LJ-14     Coulomb-14        LJ (SR)   Coulomb (SR)   Coul. recip.
    1.04142e+03    2.27781e+04    3.73333e+04   -4.51803e+05    1.38407e+03
 Position Rest.      Potential    Kinetic En.   Total Energy  Conserved En.
    4.19745e+02   -3.80086e+05    7.33188e+04   -3.06768e+05   -3.59530e+05
    Temperature Pressure (bar)   Constr. rmsd
    2.99323e+02   -7.20803e+02    3.87595e-06

           Step           Time
          13000       26.00000

   Energies (kJ/mol)
           Bond            U-B    Proper Dih.  Improper Dih.      CMAP Dih.
    1.20543e+03    3.36694e+03    3.85699e+03    2.03155e+02   -1.34466e+02
          LJ-14     Coulomb-14        LJ (SR)   Coulomb (SR)   Coul. recip.
    1.08704e+03    2.27369e+04    3.75787e+04   -4.51659e+05    1.42319e+03
 Position Rest.      Potential    Kinetic En.   Total Energy  Conserved En.
    4.32508e+02   -3.79902e+05    7.36560e+04   -3.06246e+05   -3.59534e+05
    Temperature Pressure (bar)   Constr. rmsd
    3.00700e+02   -7.45021e+02    2.90394e-06

           Step           Time
          13500       27.00000

   Energies (kJ/mol)
           Bond            U-B    Proper Dih.  Improper Dih.      CMAP Dih.
    1.25073e+03    3.34732e+03    3.89315e+03    2.11859e+02   -1.36676e+02
          LJ-14     Coulomb-14        LJ (SR)   Coulomb (SR)   Coul. recip.
    1.00417e+03    2.27583e+04    3.78771e+04   -4.52291e+05    1.35077e+03
 Position Rest.      Potential    Kinetic En.   Total Energy  Conserved En.
    4.55178e+02   -3.80279e+05    7.32940e+04   -3.06985e+05   -3.59554e+05
    Temperature Pressure (bar)   Constr. rmsd
    2.99222e+02   -7.58217e+02    2.88959e-06

           Step           Time
          14000       28.00000

   Energies (kJ/mol)
           Bond            U-B    Proper Dih.  Improper Dih.      CMAP Dih.
    1.17954e+03    3.27865e+03    3.91624e+03    2.37174e+02   -1.06810e+02
          LJ-14     Coulomb-14        LJ (SR)   Coulomb (SR)   Coul. recip.
    1.01057e+03    2.29353e+04    3.84697e+04   -4.53077e+05    1.39538e+03
 Position Rest.      Potential    Kinetic En.   Total Energy  Conserved En.
    4.56139e+02   -3.80305e+05    7.44305e+04   -3.05874e+05   -3.59563e+05
    Temperature Pressure (bar)   Constr. rmsd
    3.03862e+02   -6.69947e+02    3.20772e-06

           Step           Time
          14500       29.00000

   Energies (kJ/mol)
           Bond            U-B    Proper Dih.  Improper Dih.      CMAP Dih.
    1.22326e+03    3.38782e+03    3.88901e+03    2.21109e+02   -1.03813e+02
          LJ-14     Coulomb-14        LJ (SR)   Coulomb (SR)   Coul. recip.
    1.06499e+03    2.27364e+04    3.75048e+04   -4.51307e+05    1.45314e+03
 Position Rest.      Potential    Kinetic En.   Total Energy  Conserved En.
    4.40773e+02   -3.79489e+05    7.27349e+04   -3.06755e+05   -3.59522e+05
    Temperature Pressure (bar)   Constr. rmsd
    2.96940e+02   -6.24359e+02    3.19179e-06

           Step           Time
          15000       30.00000

   Energies (kJ/mol)
           Bond            U-B    Proper Dih.  Improper Dih.      CMAP Dih.
    1.25504e+03    3.32605e+03    3.90886e+03    2.16027e+02   -1.21711e+02
          LJ-14     Coulomb-14        LJ (SR)   Coulomb (SR)   Coul. recip.
    1.04061e+03    2.27388e+04    3.70924e+04   -4.50815e+05    1.39505e+03
 Position Rest.      Potential    Kinetic En.   Total Energy  Conserved En.
    3.96262e+02   -3.79568e+05    7.27358e+04   -3.06832e+05   -3.59523e+05
    Temperature Pressure (bar)   Constr. rmsd
    2.96943e+02   -7.19307e+02    2.87681e-06

           Step           Time
          15500       31.00000

   Energies (kJ/mol)
           Bond            U-B    Proper Dih.  Improper Dih.      CMAP Dih.
    1.28133e+03    3.46471e+03    3.84952e+03    1.74689e+02   -1.21396e+02
          LJ-14     Coulomb-14        LJ (SR)   Coulomb (SR)   Coul. recip.
    1.04279e+03    2.27076e+04    3.72131e+04   -4.49425e+05    1.36311e+03
 Position Rest.      Potential    Kinetic En.   Total Energy  Conserved En.
    4.39411e+02   -3.78010e+05    7.34189e+04   -3.04591e+05   -3.59534e+05
    Temperature Pressure (bar)   Constr. rmsd
    2.99732e+02   -5.08543e+02    3.25951e-06

           Step           Time
          16000       32.00000

   Energies (kJ/mol)
           Bond            U-B    Proper Dih.  Improper Dih.      CMAP Dih.
    1.21007e+03    3.37467e+03    3.87727e+03    2.06628e+02   -1.01546e+02
          LJ-14     Coulomb-14        LJ (SR)   Coulomb (SR)   Coul. recip.
    1.03087e+03    2.31353e+04    3.78647e+04   -4.52207e+05    1.39007e+03
 Position Rest.      Potential    Kinetic En.   Total Energy  Conserved En.
    4.26560e+02   -3.79792e+05    7.31779e+04   -3.06614e+05   -3.59514e+05
    Temperature Pressure (bar)   Constr. rmsd
    2.98749e+02   -6.73098e+02    2.85273e-06

           Step           Time
          16500       33.00000

   Energies (kJ/mol)
           Bond            U-B    Proper Dih.  Improper Dih.      CMAP Dih.
    1.23177e+03    3.42430e+03    3.93011e+03    2.51688e+02   -1.12288e+02
          LJ-14     Coulomb-14        LJ (SR)   Coulomb (SR)   Coul. recip.
    1.04919e+03    2.26446e+04    3.75717e+04   -4.50636e+05    1.37631e+03
 Position Rest.      Potential    Kinetic En.   Total Energy  Conserved En.
    4.16932e+02   -3.78852e+05    7.46228e+04   -3.04229e+05   -3.59524e+05
    Temperature Pressure (bar)   Constr. rmsd
    3.04647e+02   -7.30614e+02    3.04980e-06

           Step           Time
          17000       34.00000

   Energies (kJ/mol)
           Bond            U-B    Proper Dih.  Improper Dih.      CMAP Dih.
    1.19841e+03    3.40098e+03    3.92903e+03    2.10694e+02   -1.51467e+02
          LJ-14     Coulomb-14        LJ (SR)   Coulomb (SR)   Coul. recip.
    1.11337e+03    2.28311e+04    3.75499e+04   -4.52098e+05    1.41346e+03
 Position Rest.      Potential    Kinetic En.   Total Energy  Conserved En.
    4.22148e+02   -3.80180e+05    7.35216e+04   -3.06658e+05   -3.59521e+05
    Temperature Pressure (bar)   Constr. rmsd
    3.00151e+02   -9.75886e+02    2.89834e-06

           Step           Time
          17500       35.00000

   Energies (kJ/mol)
           Bond            U-B    Proper Dih.  Improper Dih.      CMAP Dih.
    1.20287e+03    3.24232e+03    3.85691e+03    2.02269e+02   -7.57130e+01
          LJ-14     Coulomb-14        LJ (SR)   Coulomb (SR)   Coul. recip.
    1.07553e+03    2.29249e+04    3.80886e+04   -4.52953e+05    1.38186e+03
 Position Rest.      Potential    Kinetic En.   Total Energy  Conserved En.
    4.30248e+02   -3.80623e+05    7.33101e+04   -3.07313e+05   -3.59530e+05
    Temperature Pressure (bar)   Constr. rmsd
    2.99288e+02   -8.31828e+02    2.66100e-06

           Step           Time
          18000       36.00000

   Energies (kJ/mol)
           Bond            U-B    Proper Dih.  Improper Dih.      CMAP Dih.
    1.17171e+03    3.43187e+03    3.87052e+03    2.53052e+02   -1.10001e+02
          LJ-14     Coulomb-14        LJ (SR)   Coulomb (SR)   Coul. recip.
    1.06543e+03    2.26932e+04    3.78355e+04   -4.51228e+05    1.39651e+03
 Position Rest.      Potential    Kinetic En.   Total Energy  Conserved En.
    4.41590e+02   -3.79178e+05    7.43287e+04   -3.04850e+05   -3.59516e+05
    Temperature Pressure (bar)   Constr. rmsd
    3.03447e+02   -8.24990e+02    3.05246e-06

           Step           Time
          18500       37.00000

   Energies (kJ/mol)
           Bond            U-B    Proper Dih.  Improper Dih.      CMAP Dih.
    1.21555e+03    3.34355e+03    3.92148e+03    2.14426e+02   -1.26964e+02
          LJ-14     Coulomb-14        LJ (SR)   Coulomb (SR)   Coul. recip.
    1.06382e+03    2.28446e+04    3.80841e+04   -4.51705e+05    1.36049e+03
 Position Rest.      Potential    Kinetic En.   Total Energy  Conserved En.
    3.90979e+02   -3.79393e+05    7.29538e+04   -3.06439e+05   -3.59509e+05
    Temperature Pressure (bar)   Constr. rmsd
    2.97833e+02   -5.18722e+02    3.31366e-06

           Step           Time
          19000       38.00000

   Energies (kJ/mol)
           Bond            U-B    Proper Dih.  Improper Dih.      CMAP Dih.
    1.25180e+03    3.28121e+03    3.94105e+03    1.81304e+02   -1.32841e+02
          LJ-14     Coulomb-14        LJ (SR)   Coulomb (SR)   Coul. recip.
    1.04189e+03    2.28321e+04    3.66431e+04   -4.51055e+05    1.36825e+03
 Position Rest.      Potential    Kinetic En.   Total Energy  Conserved En.
    4.29537e+02   -3.80218e+05    7.33758e+04   -3.06842e+05   -3.59512e+05
    Temperature Pressure (bar)   Constr. rmsd
    2.99556e+02   -4.86443e+02    3.08443e-06

           Step           Time
          19500       39.00000

   Energies (kJ/mol)
           Bond            U-B    Proper Dih.  Improper Dih.      CMAP Dih.
    1.23044e+03    3.40806e+03    3.90065e+03    1.55947e+02   -1.22615e+02
          LJ-14     Coulomb-14        LJ (SR)   Coulomb (SR)   Coul. recip.
    1.01650e+03    2.28220e+04    3.79949e+04   -4.52344e+05    1.40811e+03
 Position Rest.      Potential    Kinetic En.   Total Energy  Conserved En.
    4.34257e+02   -3.80096e+05    7.33072e+04   -3.06789e+05   -3.59510e+05
    Temperature Pressure (bar)   Constr. rmsd
    2.99276e+02   -3.12303e+02    2.89811e-06

           Step           Time
          20000       40.00000

   Energies (kJ/mol)
           Bond            U-B    Proper Dih.  Improper Dih.      CMAP Dih.
    1.24107e+03    3.20915e+03    3.90783e+03    2.15970e+02   -1.25216e+02
          LJ-14     Coulomb-14        LJ (SR)   Coulomb (SR)   Coul. recip.
    1.01422e+03    2.28500e+04    3.80810e+04   -4.52615e+05    1.39003e+03
 Position Rest.      Potential    Kinetic En.   Total Energy  Conserved En.
    4.43737e+02   -3.80387e+05    7.33438e+04   -3.07043e+05   -3.59514e+05
    Temperature Pressure (bar)   Constr. rmsd
    2.99426e+02   -7.79320e+02    3.12592e-06

           Step           Time
          20500       41.00000

   Energies (kJ/mol)
           Bond            U-B    Proper Dih.  Improper Dih.      CMAP Dih.
    1.20179e+03    3.27334e+03    3.88478e+03    1.97013e+02   -8.14333e+01
          LJ-14     Coulomb-14        LJ (SR)   Coulomb (SR)   Coul. recip.
    1.06896e+03    2.29847e+04    3.75615e+04   -4.52393e+05    1.36095e+03
 Position Rest.      Potential    Kinetic En.   Total Energy  Conserved En.
    3.89475e+02   -3.80552e+05    7.30700e+04   -3.07482e+05   -3.59514e+05
    Temperature Pressure (bar)   Constr. rmsd
    2.98308e+02   -8.83881e+02    3.46771e-06

           Step           Time
          21000       42.00000

   Energies (kJ/mol)
           Bond            U-B    Proper Dih.  Improper Dih.      CMAP Dih.
    1.23119e+03    3.24600e+03    3.99299e+03    2.07792e+02   -1.44651e+02
          LJ-14     Coulomb-14        LJ (SR)   Coulomb (SR)   Coul. recip.
    1.04275e+03    2.27610e+04    3.84787e+04   -4.52951e+05    1.38275e+03
 Position Rest.      Potential    Kinetic En.   Total Energy  Conserved En.
    4.24043e+02   -3.80328e+05    7.28807e+04   -3.07447e+05   -3.59513e+05
    Temperature Pressure (bar)   Constr. rmsd
    2.97535e+02   -5.61304e+02    3.09341e-06

           Step           Time
          21500       43.00000

   Energies (kJ/mol)
           Bond            U-B    Proper Dih.  Improper Dih.      CMAP Dih.
    1.26012e+03    3.39855e+03    3.90744e+03    2.07860e+02   -1.39235e+02
          LJ-14     Coulomb-14        LJ (SR)   Coulomb (SR)   Coul. recip.
    1.11513e+03    2.27008e+04    3.70399e+04   -4.51067e+05    1.38799e+03
 Position Rest.      Potential    Kinetic En.   Total Energy  Conserved En.
    3.96238e+02   -3.79792e+05    7.34453e+04   -3.06347e+05   -3.59510e+05
    Temperature Pressure (bar)   Constr. rmsd
    2.99840e+02   -6.78164e+02    2.79259e-06

           Step           Time
          22000       44.00000

   Energies (kJ/mol)
           Bond            U-B    Proper Dih.  Improper Dih.      CMAP Dih.
    1.25805e+03    3.34270e+03    3.89337e+03    2.07354e+02   -7.71247e+01
          LJ-14     Coulomb-14        LJ (SR)   Coulomb (SR)   Coul. recip.
    1.04877e+03    2.27193e+04    3.82327e+04   -4.51668e+05    1.45606e+03
 Position Rest.      Potential    Kinetic En.   Total Energy  Conserved En.
    3.77163e+02   -3.79210e+05    7.40181e+04   -3.05192e+05   -3.59520e+05
    Temperature Pressure (bar)   Constr. rmsd
    3.02178e+02   -5.05178e+02    3.31387e-06

           Step           Time
          22500       45.00000

   Energies (kJ/mol)
           Bond            U-B    Proper Dih.  Improper Dih.      CMAP Dih.
    1.12398e+03    3.45743e+03    3.84341e+03    2.01433e+02   -7.80185e+01
          LJ-14     Coulomb-14        LJ (SR)   Coulomb (SR)   Coul. recip.
    1.01257e+03    2.28983e+04    3.74556e+04   -4.50849e+05    1.39913e+03
 Position Rest.      Potential    Kinetic En.   Total Energy  Conserved En.
    4.31599e+02   -3.79104e+05    7.31026e+04   -3.06001e+05   -3.59517e+05
    Temperature Pressure (bar)   Constr. rmsd
    2.98441e+02   -6.38894e+02    3.15981e-06

           Step           Time
          23000       46.00000

   Energies (kJ/mol)
           Bond            U-B    Proper Dih.  Improper Dih.      CMAP Dih.
    1.25728e+03    3.50508e+03    3.86501e+03    2.36031e+02   -1.01084e+02
          LJ-14     Coulomb-14        LJ (SR)   Coulomb (SR)   Coul. recip.
    1.01614e+03    2.28331e+04    3.77341e+04   -4.50482e+05    1.44898e+03
 Position Rest.      Potential    Kinetic En.   Total Energy  Conserved En.
    3.97829e+02   -3.78290e+05    7.28897e+04   -3.05400e+05   -3.59500e+05
    Temperature Pressure (bar)   Constr. rmsd
    2.97572e+02   -7.49405e+02    3.28107e-06

           Step           Time
          23500       47.00000

   Energies (kJ/mol)
           Bond            U-B    Proper Dih.  Improper Dih.      CMAP Dih.
    1.18412e+03    3.26738e+03    3.88850e+03    1.67747e+02   -1.19512e+02
          LJ-14     Coulomb-14        LJ (SR)   Coulomb (SR)   Coul. recip.
    1.04558e+03    2.28165e+04    3.76638e+04   -4.51987e+05    1.39960e+03
 Position Rest.      Potential    Kinetic En.   Total Energy  Conserved En.
    4.24595e+02   -3.80249e+05    7.23126e+04   -3.07936e+05   -3.59511e+05
    Temperature Pressure (bar)   Constr. rmsd
    2.95216e+02   -7.90386e+02    3.16229e-06

Writing checkpoint, step 23520 at Sat Sep 26 00:45:00 2020


           Step           Time
          24000       48.00000

   Energies (kJ/mol)
           Bond            U-B    Proper Dih.  Improper Dih.      CMAP Dih.
    1.19548e+03    3.19996e+03    3.88740e+03    2.00504e+02   -7.79649e+01
          LJ-14     Coulomb-14        LJ (SR)   Coulomb (SR)   Coul. recip.
    1.07239e+03    2.29254e+04    3.85343e+04   -4.53266e+05    1.35640e+03
 Position Rest.      Potential    Kinetic En.   Total Energy  Conserved En.
    3.71498e+02   -3.80600e+05    7.32555e+04   -3.07345e+05   -3.59501e+05
    Temperature Pressure (bar)   Constr. rmsd
    2.99065e+02   -5.03569e+02    2.83726e-06

           Step           Time
          24500       49.00000

   Energies (kJ/mol)
           Bond            U-B    Proper Dih.  Improper Dih.      CMAP Dih.
    1.21560e+03    3.40863e+03    3.94023e+03    2.02091e+02   -1.05598e+02
          LJ-14     Coulomb-14        LJ (SR)   Coulomb (SR)   Coul. recip.
    1.12734e+03    2.29426e+04    3.69743e+04   -4.50869e+05    1.42264e+03
 Position Rest.      Potential    Kinetic En.   Total Energy  Conserved En.
    4.07487e+02   -3.79334e+05    7.30501e+04   -3.06284e+05   -3.59513e+05
    Temperature Pressure (bar)   Constr. rmsd
    2.98227e+02   -6.39714e+02    3.14286e-06

           Step           Time
          25000       50.00000

   Energies (kJ/mol)
           Bond            U-B    Proper Dih.  Improper Dih.      CMAP Dih.
    1.23833e+03    3.27215e+03    3.81423e+03    1.97642e+02   -7.52767e+01
          LJ-14     Coulomb-14        LJ (SR)   Coulomb (SR)   Coul. recip.
    1.01565e+03    2.30283e+04    3.82827e+04   -4.51530e+05    1.43511e+03
 Position Rest.      Potential    Kinetic En.   Total Energy  Conserved En.
    3.91482e+02   -3.78930e+05    7.38496e+04   -3.05080e+05   -3.59519e+05
    Temperature Pressure (bar)   Constr. rmsd
    3.01491e+02   -4.37905e+02    3.38496e-06

           Step           Time
          25500       51.00000

   Energies (kJ/mol)
           Bond            U-B    Proper Dih.  Improper Dih.      CMAP Dih.
    1.13858e+03    3.30670e+03    3.93369e+03    1.95033e+02   -8.22232e+01
          LJ-14     Coulomb-14        LJ (SR)   Coulomb (SR)   Coul. recip.
    1.14902e+03    2.29746e+04    3.77950e+04   -4.51531e+05    1.37507e+03
 Position Rest.      Potential    Kinetic En.   Total Energy  Conserved En.
    4.38889e+02   -3.79307e+05    7.36483e+04   -3.05658e+05   -3.59499e+05
    Temperature Pressure (bar)   Constr. rmsd
    3.00669e+02   -5.01258e+02    2.99401e-06

           Step           Time
          26000       52.00000

   Energies (kJ/mol)
           Bond            U-B    Proper Dih.  Improper Dih.      CMAP Dih.
    1.14751e+03    3.34006e+03    3.87026e+03    2.46718e+02   -1.22605e+02
          LJ-14     Coulomb-14        LJ (SR)   Coulomb (SR)   Coul. recip.
    1.07379e+03    2.28396e+04    3.75661e+04   -4.52147e+05    1.39352e+03
 Position Rest.      Potential    Kinetic En.   Total Energy  Conserved En.
    4.17951e+02   -3.80374e+05    7.28960e+04   -3.07478e+05   -3.59485e+05
    Temperature Pressure (bar)   Constr. rmsd
    2.97598e+02   -4.83860e+02    2.83507e-06

           Step           Time
          26500       53.00000

   Energies (kJ/mol)
           Bond            U-B    Proper Dih.  Improper Dih.      CMAP Dih.
    1.32277e+03    3.36455e+03    3.88403e+03    2.08644e+02   -1.23934e+02
          LJ-14     Coulomb-14        LJ (SR)   Coulomb (SR)   Coul. recip.
    1.04131e+03    2.28749e+04    3.69289e+04   -4.50318e+05    1.39897e+03
 Position Rest.      Potential    Kinetic En.   Total Energy  Conserved En.
    4.38764e+02   -3.78979e+05    7.35253e+04   -3.05454e+05   -3.59509e+05
    Temperature Pressure (bar)   Constr. rmsd
    3.00167e+02   -1.11095e+03    2.93055e-06

           Step           Time
          27000       54.00000

   Energies (kJ/mol)
           Bond            U-B    Proper Dih.  Improper Dih.      CMAP Dih.
    1.22542e+03    3.20950e+03    3.89019e+03    1.87874e+02   -1.17457e+02
          LJ-14     Coulomb-14        LJ (SR)   Coulomb (SR)   Coul. recip.
    1.07991e+03    2.28594e+04    3.75756e+04   -4.50189e+05    1.43206e+03
 Position Rest.      Potential    Kinetic En.   Total Energy  Conserved En.
    4.23300e+02   -3.78424e+05    7.33294e+04   -3.05094e+05   -3.59502e+05
    Temperature Pressure (bar)   Constr. rmsd
    2.99367e+02   -7.57387e+02    3.38643e-06

           Step           Time
          27500       55.00000

   Energies (kJ/mol)
           Bond            U-B    Proper Dih.  Improper Dih.      CMAP Dih.
    1.25599e+03    3.39937e+03    3.91335e+03    1.82877e+02   -9.13068e+01
          LJ-14     Coulomb-14        LJ (SR)   Coulomb (SR)   Coul. recip.
    1.00317e+03    2.29941e+04    3.72430e+04   -4.50082e+05    1.39027e+03
 Position Rest.      Potential    Kinetic En.   Total Energy  Conserved En.
    4.09697e+02   -3.78382e+05    7.31846e+04   -3.05197e+05   -3.59495e+05
    Temperature Pressure (bar)   Constr. rmsd
    2.98776e+02   -7.55259e+02    3.48983e-06

           Step           Time
          28000       56.00000

   Energies (kJ/mol)
           Bond            U-B    Proper Dih.  Improper Dih.      CMAP Dih.
    1.24232e+03    3.47988e+03    3.95823e+03    2.64458e+02   -1.15579e+02
          LJ-14     Coulomb-14        LJ (SR)   Coulomb (SR)   Coul. recip.
    1.09389e+03    2.26715e+04    3.77461e+04   -4.51152e+05    1.37485e+03
 Position Rest.      Potential    Kinetic En.   Total Energy  Conserved En.
    4.57251e+02   -3.78979e+05    7.33006e+04   -3.05679e+05   -3.59485e+05
    Temperature Pressure (bar)   Constr. rmsd
    2.99250e+02   -2.32613e+02    3.44547e-06

           Step           Time
          28500       57.00000

   Energies (kJ/mol)
           Bond            U-B    Proper Dih.  Improper Dih.      CMAP Dih.
    1.13370e+03    3.28931e+03    3.90565e+03    2.09396e+02   -1.42643e+02
          LJ-14     Coulomb-14        LJ (SR)   Coulomb (SR)   Coul. recip.
    1.06258e+03    2.29283e+04    3.84813e+04   -4.52540e+05    1.39360e+03
 Position Rest.      Potential    Kinetic En.   Total Energy  Conserved En.
    3.99557e+02   -3.79880e+05    7.28385e+04   -3.07041e+05   -3.59491e+05
    Temperature Pressure (bar)   Constr. rmsd
    2.97363e+02   -7.43623e+02    2.70951e-06

           Step           Time
          29000       58.00000

   Energies (kJ/mol)
           Bond            U-B    Proper Dih.  Improper Dih.      CMAP Dih.
    1.09957e+03    3.36392e+03    3.94778e+03    1.80645e+02   -9.61537e+01
          LJ-14     Coulomb-14        LJ (SR)   Coulomb (SR)   Coul. recip.
    1.10942e+03    2.27692e+04    3.67497e+04   -4.51558e+05    1.44183e+03
 Position Rest.      Potential    Kinetic En.   Total Energy  Conserved En.
    4.46936e+02   -3.80545e+05    7.31486e+04   -3.07397e+05   -3.59490e+05
    Temperature Pressure (bar)   Constr. rmsd
    2.98629e+02   -1.09869e+03    2.91870e-06

           Step           Time
          29500       59.00000

   Energies (kJ/mol)
           Bond            U-B    Proper Dih.  Improper Dih.      CMAP Dih.
    1.15462e+03    3.41951e+03    3.91408e+03    1.86505e+02   -1.20976e+02
          LJ-14     Coulomb-14        LJ (SR)   Coulomb (SR)   Coul. recip.
    1.04765e+03    2.26778e+04    3.77821e+04   -4.52163e+05    1.41756e+03
 Position Rest.      Potential    Kinetic En.   Total Energy  Conserved En.
    4.37254e+02   -3.80247e+05    7.44896e+04   -3.05757e+05   -3.59507e+05
    Temperature Pressure (bar)   Constr. rmsd
    3.04103e+02   -5.28629e+02    3.58452e-06

           Step           Time
          30000       60.00000

   Energies (kJ/mol)
           Bond            U-B    Proper Dih.  Improper Dih.      CMAP Dih.
    1.16919e+03    3.59098e+03    3.88133e+03    1.76581e+02   -1.02081e+02
          LJ-14     Coulomb-14        LJ (SR)   Coulomb (SR)   Coul. recip.
    1.00517e+03    2.28769e+04    3.72040e+04   -4.51011e+05    1.37373e+03
 Position Rest.      Potential    Kinetic En.   Total Energy  Conserved En.
    4.35412e+02   -3.79400e+05    7.37419e+04   -3.05658e+05   -3.59492e+05
    Temperature Pressure (bar)   Constr. rmsd
    3.01051e+02   -9.61003e+02    3.37577e-06

           Step           Time
          30500       61.00000

   Energies (kJ/mol)
           Bond            U-B    Proper Dih.  Improper Dih.      CMAP Dih.
    1.19005e+03    3.36369e+03    3.92808e+03    2.38661e+02   -1.20857e+02
          LJ-14     Coulomb-14        LJ (SR)   Coulomb (SR)   Coul. recip.
    1.01301e+03    2.26765e+04    3.62686e+04   -4.49228e+05    1.38059e+03
 Position Rest.      Potential    Kinetic En.   Total Energy  Conserved En.
    4.35819e+02   -3.78854e+05    7.40496e+04   -3.04804e+05   -3.59525e+05
    Temperature Pressure (bar)   Constr. rmsd
    3.02307e+02   -9.62848e+02    3.33784e-06

           Step           Time
          31000       62.00000

   Energies (kJ/mol)
           Bond            U-B    Proper Dih.  Improper Dih.      CMAP Dih.
    1.20345e+03    3.45872e+03    3.92370e+03    2.06246e+02   -1.36661e+02
          LJ-14     Coulomb-14        LJ (SR)   Coulomb (SR)   Coul. recip.
    1.05307e+03    2.29071e+04    3.64592e+04   -4.50058e+05    1.32851e+03
 Position Rest.      Potential    Kinetic En.   Total Energy  Conserved En.
    4.09490e+02   -3.79245e+05    7.43327e+04   -3.04912e+05   -3.59496e+05
    Temperature Pressure (bar)   Constr. rmsd
    3.03463e+02   -9.74053e+02    2.95266e-06

           Step           Time
          31500       63.00000

   Energies (kJ/mol)
           Bond            U-B    Proper Dih.  Improper Dih.      CMAP Dih.
    1.22689e+03    3.33971e+03    3.87492e+03    2.11322e+02   -9.57119e+01
          LJ-14     Coulomb-14        LJ (SR)   Coulomb (SR)   Coul. recip.
    1.06249e+03    2.27201e+04    3.76750e+04   -4.52676e+05    1.41375e+03
 Position Rest.      Potential    Kinetic En.   Total Energy  Conserved En.
    4.28953e+02   -3.80818e+05    7.40165e+04   -3.06802e+05   -3.59493e+05
    Temperature Pressure (bar)   Constr. rmsd
    3.02172e+02   -6.36063e+02    2.94136e-06

           Step           Time
          32000       64.00000

   Energies (kJ/mol)
           Bond            U-B    Proper Dih.  Improper Dih.      CMAP Dih.
    1.24162e+03    3.31188e+03    3.87895e+03    2.01843e+02   -1.17869e+02
          LJ-14     Coulomb-14        LJ (SR)   Coulomb (SR)   Coul. recip.
    1.07584e+03    2.29459e+04    3.69079e+04   -4.50487e+05    1.37382e+03
 Position Rest.      Potential    Kinetic En.   Total Energy  Conserved En.
    4.60497e+02   -3.79207e+05    7.30779e+04   -3.06129e+05   -3.59489e+05
    Temperature Pressure (bar)   Constr. rmsd
    2.98340e+02   -9.37688e+02    2.99379e-06

           Step           Time
          32500       65.00000

   Energies (kJ/mol)
           Bond            U-B    Proper Dih.  Improper Dih.      CMAP Dih.
    1.16624e+03    3.27918e+03    3.87274e+03    1.87021e+02   -1.28326e+02
          LJ-14     Coulomb-14        LJ (SR)   Coulomb (SR)   Coul. recip.
    1.04014e+03    2.28274e+04    3.77752e+04   -4.52360e+05    1.37011e+03
 Position Rest.      Potential    Kinetic En.   Total Energy  Conserved En.
    4.40591e+02   -3.80530e+05    7.35891e+04   -3.06941e+05   -3.59500e+05
    Temperature Pressure (bar)   Constr. rmsd
    3.00427e+02   -5.26038e+02    2.82064e-06

           Step           Time
          33000       66.00000

   Energies (kJ/mol)
           Bond            U-B    Proper Dih.  Improper Dih.      CMAP Dih.
    1.15903e+03    3.45125e+03    3.93826e+03    2.20626e+02   -1.23189e+02
          LJ-14     Coulomb-14        LJ (SR)   Coulomb (SR)   Coul. recip.
    1.12591e+03    2.28163e+04    3.73005e+04   -4.51012e+05    1.44365e+03
 Position Rest.      Potential    Kinetic En.   Total Energy  Conserved En.
    3.84597e+02   -3.79295e+05    7.45168e+04   -3.04778e+05   -3.59486e+05
    Temperature Pressure (bar)   Constr. rmsd
    3.04214e+02   -3.38102e+02    2.83199e-06

           Step           Time
          33500       67.00000

   Energies (kJ/mol)
           Bond            U-B    Proper Dih.  Improper Dih.      CMAP Dih.
    1.20309e+03    3.24022e+03    3.91209e+03    1.82869e+02   -8.64619e+01
          LJ-14     Coulomb-14        LJ (SR)   Coulomb (SR)   Coul. recip.
    1.03879e+03    2.27867e+04    3.64931e+04   -4.50258e+05    1.42546e+03
 Position Rest.      Potential    Kinetic En.   Total Energy  Conserved En.
    4.70306e+02   -3.79592e+05    7.35872e+04   -3.06005e+05   -3.59507e+05
    Temperature Pressure (bar)   Constr. rmsd
    3.00420e+02   -3.64290e+02    3.29148e-06

           Step           Time
          34000       68.00000

   Energies (kJ/mol)
           Bond            U-B    Proper Dih.  Improper Dih.      CMAP Dih.
    1.19553e+03    3.28370e+03    3.86274e+03    1.85377e+02   -1.31094e+02
          LJ-14     Coulomb-14        LJ (SR)   Coulomb (SR)   Coul. recip.
    1.01851e+03    2.29415e+04    3.80892e+04   -4.53880e+05    1.34325e+03
 Position Rest.      Potential    Kinetic En.   Total Energy  Conserved En.
    4.49509e+02   -3.81642e+05    7.35398e+04   -3.08102e+05   -3.59505e+05
    Temperature Pressure (bar)   Constr. rmsd
    3.00226e+02   -3.71067e+02    2.66402e-06

           Step           Time
          34500       69.00000

   Energies (kJ/mol)
           Bond            U-B    Proper Dih.  Improper Dih.      CMAP Dih.
    1.13201e+03    3.31401e+03    3.88644e+03    2.17438e+02   -8.25839e+01
          LJ-14     Coulomb-14        LJ (SR)   Coulomb (SR)   Coul. recip.
    1.09795e+03    2.28787e+04    3.78685e+04   -4.52190e+05    1.42712e+03
 Position Rest.      Potential    Kinetic En.   Total Energy  Conserved En.
    3.91937e+02   -3.80058e+05    7.36440e+04   -3.06414e+05   -3.59483e+05
    Temperature Pressure (bar)   Constr. rmsd
    3.00651e+02   -7.61594e+02    2.97678e-06

           Step           Time
          35000       70.00000

   Energies (kJ/mol)
           Bond            U-B    Proper Dih.  Improper Dih.      CMAP Dih.
    1.16096e+03    3.55745e+03    3.92036e+03    2.04354e+02   -1.46560e+02
          LJ-14     Coulomb-14        LJ (SR)   Coulomb (SR)   Coul. recip.
    1.07325e+03    2.28306e+04    3.69985e+04   -4.50008e+05    1.41806e+03
 Position Rest.      Potential    Kinetic En.   Total Energy  Conserved En.
    3.80533e+02   -3.78611e+05    7.25657e+04   -3.06045e+05   -3.59472e+05
    Temperature Pressure (bar)   Constr. rmsd
    2.96249e+02   -5.27976e+02    2.90527e-06

Writing checkpoint, step 35200 at Sat Sep 26 00:59:59 2020


           Step           Time
          35500       71.00000

   Energies (kJ/mol)
           Bond            U-B    Proper Dih.  Improper Dih.      CMAP Dih.
    1.17928e+03    3.41932e+03    3.92077e+03    1.78947e+02   -1.15081e+02
          LJ-14     Coulomb-14        LJ (SR)   Coulomb (SR)   Coul. recip.
    1.03679e+03    2.27895e+04    3.75242e+04   -4.51475e+05    1.42638e+03
 Position Rest.      Potential    Kinetic En.   Total Energy  Conserved En.
    4.41538e+02   -3.79674e+05    7.41328e+04   -3.05541e+05   -3.59491e+05
    Temperature Pressure (bar)   Constr. rmsd
    3.02647e+02   -6.98913e+02    3.05106e-06

           Step           Time
          36000       72.00000

   Energies (kJ/mol)
           Bond            U-B    Proper Dih.  Improper Dih.      CMAP Dih.
    1.19252e+03    3.32454e+03    3.95885e+03    2.20470e+02   -1.22336e+02
          LJ-14     Coulomb-14        LJ (SR)   Coulomb (SR)   Coul. recip.
    1.07646e+03    2.30184e+04    3.61633e+04   -4.48878e+05    1.45089e+03
 Position Rest.      Potential    Kinetic En.   Total Energy  Conserved En.
    4.27366e+02   -3.78167e+05    7.32338e+04   -3.04934e+05   -3.59478e+05
    Temperature Pressure (bar)   Constr. rmsd
    2.98977e+02   -7.74344e+02    2.91804e-06

           Step           Time
          36500       73.00000

   Energies (kJ/mol)
           Bond            U-B    Proper Dih.  Improper Dih.      CMAP Dih.
    1.21276e+03    3.40831e+03    3.83271e+03    1.68795e+02   -1.11374e+02
          LJ-14     Coulomb-14        LJ (SR)   Coulomb (SR)   Coul. recip.
    1.00431e+03    2.28602e+04    3.77329e+04   -4.51977e+05    1.41505e+03
 Position Rest.      Potential    Kinetic En.   Total Energy  Conserved En.
    4.72191e+02   -3.79981e+05    7.29309e+04   -3.07050e+05   -3.59487e+05
    Temperature Pressure (bar)   Constr. rmsd
    2.97740e+02   -1.06689e+03    3.03457e-06

           Step           Time
          37000       74.00000

   Energies (kJ/mol)
           Bond            U-B    Proper Dih.  Improper Dih.      CMAP Dih.
    1.21786e+03    3.41224e+03    3.90324e+03    2.12693e+02   -1.11318e+02
          LJ-14     Coulomb-14        LJ (SR)   Coulomb (SR)   Coul. recip.
    1.05940e+03    2.29031e+04    3.66802e+04   -4.50468e+05    1.34834e+03
 Position Rest.      Potential    Kinetic En.   Total Energy  Conserved En.
    3.93245e+02   -3.79449e+05    7.26269e+04   -3.06822e+05   -3.59463e+05
    Temperature Pressure (bar)   Constr. rmsd
    2.96499e+02   -8.53463e+02    2.90183e-06

           Step           Time
          37500       75.00000

   Energies (kJ/mol)
           Bond            U-B    Proper Dih.  Improper Dih.      CMAP Dih.
    1.28944e+03    3.27937e+03    3.95526e+03    1.79277e+02   -1.15532e+02
          LJ-14     Coulomb-14        LJ (SR)   Coulomb (SR)   Coul. recip.
    1.04945e+03    2.29609e+04    3.73289e+04   -4.51711e+05    1.37654e+03
 Position Rest.      Potential    Kinetic En.   Total Energy  Conserved En.
    4.07057e+02   -3.80001e+05    7.34775e+04   -3.06523e+05   -3.59469e+05
    Temperature Pressure (bar)   Constr. rmsd
    2.99972e+02   -4.41928e+02    2.94563e-06

           Step           Time
          38000       76.00000

   Energies (kJ/mol)
           Bond            U-B    Proper Dih.  Improper Dih.      CMAP Dih.
    1.19441e+03    3.26539e+03    3.86857e+03    1.67205e+02   -1.21273e+02
          LJ-14     Coulomb-14        LJ (SR)   Coulomb (SR)   Coul. recip.
    1.06280e+03    2.27493e+04    3.75333e+04   -4.52296e+05    1.33383e+03
 Position Rest.      Potential    Kinetic En.   Total Energy  Conserved En.
    3.87264e+02   -3.80855e+05    7.30680e+04   -3.07787e+05   -3.59490e+05
    Temperature Pressure (bar)   Constr. rmsd
    2.98300e+02   -4.58728e+02    3.34992e-06

           Step           Time
          38500       77.00000

   Energies (kJ/mol)
           Bond            U-B    Proper Dih.  Improper Dih.      CMAP Dih.
    1.20507e+03    3.33920e+03    3.87624e+03    2.05530e+02   -6.96109e+01
          LJ-14     Coulomb-14        LJ (SR)   Coulomb (SR)   Coul. recip.
    1.02808e+03    2.29257e+04    3.74507e+04   -4.51423e+05    1.32481e+03
 Position Rest.      Potential    Kinetic En.   Total Energy  Conserved En.
    4.80868e+02   -3.79656e+05    7.34694e+04   -3.06187e+05   -3.59488e+05
    Temperature Pressure (bar)   Constr. rmsd
    2.99939e+02   -5.41372e+02    3.82049e-06

           Step           Time
          39000       78.00000

   Energies (kJ/mol)
           Bond            U-B    Proper Dih.  Improper Dih.      CMAP Dih.
    1.22769e+03    3.64419e+03    3.89571e+03    2.02482e+02   -1.12119e+02
          LJ-14     Coulomb-14        LJ (SR)   Coulomb (SR)   Coul. recip.
    9.64614e+02    2.28599e+04    3.72075e+04   -4.50813e+05    1.40824e+03
 Position Rest.      Potential    Kinetic En.   Total Energy  Conserved En.
    4.55843e+02   -3.79059e+05    7.37158e+04   -3.05343e+05   -3.59482e+05
    Temperature Pressure (bar)   Constr. rmsd
    3.00944e+02   -8.46558e+02    3.02826e-06

           Step           Time
          39500       79.00000

   Energies (kJ/mol)
           Bond            U-B    Proper Dih.  Improper Dih.      CMAP Dih.
    1.19972e+03    3.39294e+03    3.87955e+03    1.92496e+02   -1.11601e+02
          LJ-14     Coulomb-14        LJ (SR)   Coulomb (SR)   Coul. recip.
    1.00494e+03    2.28752e+04    3.76180e+04   -4.51599e+05    1.36612e+03
 Position Rest.      Potential    Kinetic En.   Total Energy  Conserved En.
    4.17345e+02   -3.79764e+05    7.36526e+04   -3.06112e+05   -3.59484e+05
    Temperature Pressure (bar)   Constr. rmsd
    3.00686e+02   -3.76393e+02    3.23999e-06

           Step           Time
          40000       80.00000

   Energies (kJ/mol)
           Bond            U-B    Proper Dih.  Improper Dih.      CMAP Dih.
    1.07534e+03    3.35904e+03    3.90994e+03    1.96409e+02   -1.07697e+02
          LJ-14     Coulomb-14        LJ (SR)   Coulomb (SR)   Coul. recip.
    1.09071e+03    2.27503e+04    3.80843e+04   -4.52585e+05    1.40715e+03
 Position Rest.      Potential    Kinetic En.   Total Energy  Conserved En.
    4.15813e+02   -3.80403e+05    7.31351e+04   -3.07268e+05   -3.59485e+05
    Temperature Pressure (bar)   Constr. rmsd
    2.98574e+02   -2.66485e+02    3.13110e-06

           Step           Time
          40500       81.00000

   Energies (kJ/mol)
           Bond            U-B    Proper Dih.  Improper Dih.      CMAP Dih.
    1.17254e+03    3.42298e+03    3.84174e+03    2.17438e+02   -1.31080e+02
          LJ-14     Coulomb-14        LJ (SR)   Coulomb (SR)   Coul. recip.
    1.08271e+03    2.28587e+04    3.74358e+04   -4.52146e+05    1.37984e+03
 Position Rest.      Potential    Kinetic En.   Total Energy  Conserved En.
    3.92462e+02   -3.80473e+05    7.38358e+04   -3.06637e+05   -3.59474e+05
    Temperature Pressure (bar)   Constr. rmsd
    3.01434e+02   -1.66692e+02    3.15562e-06

           Step           Time
          41000       82.00000

   Energies (kJ/mol)
           Bond            U-B    Proper Dih.  Improper Dih.      CMAP Dih.
    1.22756e+03    3.38847e+03    3.83725e+03    2.29404e+02   -1.20245e+02
          LJ-14     Coulomb-14        LJ (SR)   Coulomb (SR)   Coul. recip.
    1.06086e+03    2.29024e+04    3.78313e+04   -4.53184e+05    1.40632e+03
 Position Rest.      Potential    Kinetic En.   Total Energy  Conserved En.
    3.93794e+02   -3.81027e+05    7.36962e+04   -3.07331e+05   -3.59474e+05
    Temperature Pressure (bar)   Constr. rmsd
    3.00864e+02   -8.05220e+02    2.99755e-06

           Step           Time
          41500       83.00000

   Energies (kJ/mol)
           Bond            U-B    Proper Dih.  Improper Dih.      CMAP Dih.
    1.33131e+03    3.20830e+03    3.93957e+03    2.41277e+02   -1.32213e+02
          LJ-14     Coulomb-14        LJ (SR)   Coulomb (SR)   Coul. recip.
    1.07272e+03    2.29696e+04    3.76892e+04   -4.51144e+05    1.42720e+03
 Position Rest.      Potential    Kinetic En.   Total Energy  Conserved En.
    4.35830e+02   -3.78961e+05    7.37186e+04   -3.05242e+05   -3.59487e+05
    Temperature Pressure (bar)   Constr. rmsd
    3.00956e+02   -1.28663e+03    3.27705e-06

           Step           Time
          42000       84.00000

   Energies (kJ/mol)
           Bond            U-B    Proper Dih.  Improper Dih.      CMAP Dih.
    1.21085e+03    3.25313e+03    3.92351e+03    2.00317e+02   -1.13938e+02
          LJ-14     Coulomb-14        LJ (SR)   Coulomb (SR)   Coul. recip.
    1.02869e+03    2.30152e+04    3.82846e+04   -4.52561e+05    1.38647e+03
 Position Rest.      Potential    Kinetic En.   Total Energy  Conserved En.
    4.05364e+02   -3.79967e+05    7.33657e+04   -3.06601e+05   -3.59494e+05
    Temperature Pressure (bar)   Constr. rmsd
    2.99515e+02   -5.71531e+02    2.82356e-06

           Step           Time
          42500       85.00000

   Energies (kJ/mol)
           Bond            U-B    Proper Dih.  Improper Dih.      CMAP Dih.
    1.14574e+03    3.34682e+03    3.84311e+03    2.42972e+02   -1.11023e+02
          LJ-14     Coulomb-14        LJ (SR)   Coulomb (SR)   Coul. recip.
    1.05359e+03    2.27761e+04    3.84059e+04   -4.53985e+05    1.33670e+03
 Position Rest.      Potential    Kinetic En.   Total Energy  Conserved En.
    4.03265e+02   -3.81542e+05    7.22289e+04   -3.09313e+05   -3.59462e+05
    Temperature Pressure (bar)   Constr. rmsd
    2.94874e+02   -7.07435e+02    2.97818e-06

           Step           Time
          43000       86.00000

   Energies (kJ/mol)
           Bond            U-B    Proper Dih.  Improper Dih.      CMAP Dih.
    1.12928e+03    3.30540e+03    3.92767e+03    2.27781e+02   -1.15421e+02
          LJ-14     Coulomb-14        LJ (SR)   Coulomb (SR)   Coul. recip.
    1.07430e+03    2.28573e+04    3.77688e+04   -4.52155e+05    1.34049e+03
 Position Rest.      Potential    Kinetic En.   Total Energy  Conserved En.
    4.40312e+02   -3.80199e+05    7.35528e+04   -3.06646e+05   -3.59492e+05
    Temperature Pressure (bar)   Constr. rmsd
    3.00279e+02   -7.28192e+02    3.04930e-06

           Step           Time
          43500       87.00000

   Energies (kJ/mol)
           Bond            U-B    Proper Dih.  Improper Dih.      CMAP Dih.
    1.22549e+03    3.16524e+03    3.89520e+03    1.78440e+02   -1.25909e+02
          LJ-14     Coulomb-14        LJ (SR)   Coulomb (SR)   Coul. recip.
    1.07309e+03    2.27144e+04    3.72562e+04   -4.51363e+05    1.37136e+03
 Position Rest.      Potential    Kinetic En.   Total Energy  Conserved En.
    4.39528e+02   -3.80170e+05    7.28895e+04   -3.07280e+05   -3.59480e+05
    Temperature Pressure (bar)   Constr. rmsd
    2.97571e+02   -7.34309e+02    3.34096e-06

           Step           Time
          44000       88.00000

   Energies (kJ/mol)
           Bond            U-B    Proper Dih.  Improper Dih.      CMAP Dih.
    1.21193e+03    3.23362e+03    3.89652e+03    2.04308e+02   -9.52882e+01
          LJ-14     Coulomb-14        LJ (SR)   Coulomb (SR)   Coul. recip.
    1.07215e+03    2.29220e+04    3.66623e+04   -4.50535e+05    1.31879e+03
 Position Rest.      Potential    Kinetic En.   Total Energy  Conserved En.
    3.81394e+02   -3.79727e+05    7.28120e+04   -3.06915e+05   -3.59471e+05
    Temperature Pressure (bar)   Constr. rmsd
    2.97255e+02   -1.11449e+03    3.24081e-06

           Step           Time
          44500       89.00000

   Energies (kJ/mol)
           Bond            U-B    Proper Dih.  Improper Dih.      CMAP Dih.
    1.21714e+03    3.21591e+03    3.87834e+03    1.91421e+02   -8.78938e+01
          LJ-14     Coulomb-14        LJ (SR)   Coulomb (SR)   Coul. recip.
    1.11678e+03    2.28123e+04    3.69616e+04   -4.51029e+05    1.38429e+03
 Position Rest.      Potential    Kinetic En.   Total Energy  Conserved En.
    4.30308e+02   -3.79908e+05    7.37551e+04   -3.06153e+05   -3.59477e+05
    Temperature Pressure (bar)   Constr. rmsd
    3.01105e+02   -6.54895e+02    2.98308e-06

           Step           Time
          45000       90.00000

   Energies (kJ/mol)
           Bond            U-B    Proper Dih.  Improper Dih.      CMAP Dih.
    1.21752e+03    3.29315e+03    3.89834e+03    2.12604e+02   -9.70592e+01
          LJ-14     Coulomb-14        LJ (SR)   Coulomb (SR)   Coul. recip.
    1.04298e+03    2.28824e+04    3.72709e+04   -4.51089e+05    1.37414e+03
 Position Rest.      Potential    Kinetic En.   Total Energy  Conserved En.
    4.29323e+02   -3.79565e+05    7.37641e+04   -3.05801e+05   -3.59477e+05
    Temperature Pressure (bar)   Constr. rmsd
    3.01141e+02   -9.56980e+02    3.63848e-06

           Step           Time
          45500       91.00000

   Energies (kJ/mol)
           Bond            U-B    Proper Dih.  Improper Dih.      CMAP Dih.
    1.10946e+03    3.27218e+03    3.88821e+03    1.81269e+02   -1.45884e+02
          LJ-14     Coulomb-14        LJ (SR)   Coulomb (SR)   Coul. recip.
    1.08655e+03    2.30458e+04    3.75539e+04   -4.52602e+05    1.42320e+03
 Position Rest.      Potential    Kinetic En.   Total Energy  Conserved En.
    3.97026e+02   -3.80790e+05    7.28101e+04   -3.07980e+05   -3.59467e+05
    Temperature Pressure (bar)   Constr. rmsd
    2.97247e+02   -8.05389e+02    3.37146e-06

           Step           Time
          46000       92.00000

   Energies (kJ/mol)
           Bond            U-B    Proper Dih.  Improper Dih.      CMAP Dih.
    1.14336e+03    3.38146e+03    3.97517e+03    2.06084e+02   -1.08843e+02
          LJ-14     Coulomb-14        LJ (SR)   Coulomb (SR)   Coul. recip.
    1.09071e+03    2.29713e+04    3.77799e+04   -4.51409e+05    1.37262e+03
 Position Rest.      Potential    Kinetic En.   Total Energy  Conserved En.
    3.91141e+02   -3.79206e+05    7.35224e+04   -3.05684e+05   -3.59471e+05
    Temperature Pressure (bar)   Constr. rmsd
    3.00155e+02   -6.55193e+02    3.33467e-06

           Step           Time
          46500       93.00000

   Energies (kJ/mol)
           Bond            U-B    Proper Dih.  Improper Dih.      CMAP Dih.
    1.17311e+03    3.40657e+03    3.88268e+03    2.13645e+02   -1.26164e+02
          LJ-14     Coulomb-14        LJ (SR)   Coulomb (SR)   Coul. recip.
    1.03449e+03    2.28958e+04    3.71936e+04   -4.51591e+05    1.38052e+03
 Position Rest.      Potential    Kinetic En.   Total Energy  Conserved En.
    4.41062e+02   -3.80095e+05    7.29039e+04   -3.07192e+05   -3.59468e+05
    Temperature Pressure (bar)   Constr. rmsd
    2.97630e+02   -5.69098e+02    2.67113e-06

Writing checkpoint, step 46880 at Sat Sep 26 01:14:58 2020


           Step           Time
          47000       94.00000

   Energies (kJ/mol)
           Bond            U-B    Proper Dih.  Improper Dih.      CMAP Dih.
    1.19670e+03    3.27111e+03    3.92605e+03    2.13809e+02   -1.17171e+02
          LJ-14     Coulomb-14        LJ (SR)   Coulomb (SR)   Coul. recip.
    1.09150e+03    2.28074e+04    3.81148e+04   -4.51622e+05    1.42468e+03
 Position Rest.      Potential    Kinetic En.   Total Energy  Conserved En.
    4.08593e+02   -3.79284e+05    7.31457e+04   -3.06139e+05   -3.59477e+05
    Temperature Pressure (bar)   Constr. rmsd
    2.98617e+02   -6.45784e+02    3.29851e-06

           Step           Time
          47500       95.00000

   Energies (kJ/mol)
           Bond            U-B    Proper Dih.  Improper Dih.      CMAP Dih.
    1.24076e+03    3.41526e+03    3.83451e+03    2.09774e+02   -9.47696e+01
          LJ-14     Coulomb-14        LJ (SR)   Coulomb (SR)   Coul. recip.
    1.05760e+03    2.28912e+04    3.73475e+04   -4.51257e+05    1.35434e+03
 Position Rest.      Potential    Kinetic En.   Total Energy  Conserved En.
    4.00722e+02   -3.79600e+05    7.39475e+04   -3.05653e+05   -3.59465e+05
    Temperature Pressure (bar)   Constr. rmsd
    3.01890e+02   -5.75361e+02    2.92259e-06

           Step           Time
          48000       96.00000

   Energies (kJ/mol)
           Bond            U-B    Proper Dih.  Improper Dih.      CMAP Dih.
    1.22772e+03    3.32434e+03    3.82305e+03    1.80136e+02   -1.29456e+02
          LJ-14     Coulomb-14        LJ (SR)   Coulomb (SR)   Coul. recip.
    1.05643e+03    2.28428e+04    3.69007e+04   -4.51177e+05    1.36962e+03
 Position Rest.      Potential    Kinetic En.   Total Energy  Conserved En.
    4.23608e+02   -3.80158e+05    7.33268e+04   -3.06831e+05   -3.59464e+05
    Temperature Pressure (bar)   Constr. rmsd
    2.99356e+02   -6.50185e+02    2.76936e-06

           Step           Time
          48500       97.00000

   Energies (kJ/mol)
           Bond            U-B    Proper Dih.  Improper Dih.      CMAP Dih.
    1.26563e+03    3.43725e+03    3.93853e+03    2.26218e+02   -1.33811e+02
          LJ-14     Coulomb-14        LJ (SR)   Coulomb (SR)   Coul. recip.
    1.03638e+03    2.27599e+04    3.65399e+04   -4.50550e+05    1.35133e+03
 Position Rest.      Potential    Kinetic En.   Total Energy  Conserved En.
    4.04177e+02   -3.79724e+05    7.27829e+04   -3.06941e+05   -3.59453e+05
    Temperature Pressure (bar)   Constr. rmsd
    2.97136e+02   -1.31196e+03    3.07360e-06

           Step           Time
          49000       98.00000

   Energies (kJ/mol)
           Bond            U-B    Proper Dih.  Improper Dih.      CMAP Dih.
    1.20316e+03    3.36594e+03    3.91298e+03    2.01249e+02   -9.80491e+01
          LJ-14     Coulomb-14        LJ (SR)   Coulomb (SR)   Coul. recip.
    1.10790e+03    2.29980e+04    3.69744e+04   -4.51010e+05    1.39376e+03
 Position Rest.      Potential    Kinetic En.   Total Energy  Conserved En.
    3.91542e+02   -3.79559e+05    7.36008e+04   -3.05958e+05   -3.59456e+05
    Temperature Pressure (bar)   Constr. rmsd
    3.00475e+02   -8.28798e+02    2.87146e-06

           Step           Time
          49500       99.00000

   Energies (kJ/mol)
           Bond            U-B    Proper Dih.  Improper Dih.      CMAP Dih.
    1.25054e+03    3.43230e+03    3.84209e+03    2.07683e+02   -9.79962e+01
          LJ-14     Coulomb-14        LJ (SR)   Coulomb (SR)   Coul. recip.
    1.11297e+03    2.28062e+04    3.67311e+04   -4.49405e+05    1.34711e+03
 Position Rest.      Potential    Kinetic En.   Total Energy  Conserved En.
    4.27716e+02   -3.78346e+05    7.40511e+04   -3.04295e+05   -3.59453e+05
    Temperature Pressure (bar)   Constr. rmsd
    3.02313e+02   -5.91650e+02    3.28740e-06

           Step           Time
          50000      100.00000

Writing checkpoint, step 50000 at Sat Sep 26 01:18:59 2020


   Energies (kJ/mol)
           Bond            U-B    Proper Dih.  Improper Dih.      CMAP Dih.
    1.15616e+03    3.27590e+03    3.88960e+03    2.15386e+02   -1.01944e+02
          LJ-14     Coulomb-14        LJ (SR)   Coulomb (SR)   Coul. recip.
    1.04843e+03    2.28516e+04    3.70949e+04   -4.51368e+05    1.39778e+03
 Position Rest.      Potential    Kinetic En.   Total Energy  Conserved En.
    4.24649e+02   -3.80116e+05    7.33260e+04   -3.06790e+05   -3.59472e+05
    Temperature Pressure (bar)   Constr. rmsd
    2.99353e+02   -5.84721e+02    3.12455e-06


	<======  ###############  ==>
	<====  A V E R A G E S  ====>
	<==  ###############  ======>

	Statistics over 50001 steps using 501 frames

   Energies (kJ/mol)
           Bond            U-B    Proper Dih.  Improper Dih.      CMAP Dih.
    1.19984e+03    3.36088e+03    3.90362e+03    2.04960e+02   -1.10718e+02
          LJ-14     Coulomb-14        LJ (SR)   Coulomb (SR)   Coul. recip.
    1.06116e+03    2.28373e+04    3.75279e+04   -4.51587e+05    1.39434e+03
 Position Rest.      Potential    Kinetic En.   Total Energy  Conserved En.
    4.29775e+02   -3.79777e+05    7.34115e+04   -3.06366e+05   -3.59511e+05
    Temperature Pressure (bar)   Constr. rmsd
    2.99702e+02   -7.24229e+02    0.00000e+00

   Total Virial (kJ/mol)
    3.10860e+04   -1.70941e+02   -2.92918e+02
   -1.70387e+02    3.08489e+04   -2.91230e+02
   -2.92603e+02   -2.91429e+02    3.10154e+04

   Pressure (bar)
   -7.39078e+02    1.84250e+01    3.51178e+01
    1.83634e+01   -7.08812e+02    3.23676e+01
    3.50828e+01    3.23896e+01   -7.24798e+02

 T-Protein_CU2PT-Water_and_ions
    2.99930e+02    2.99686e+02


	M E G A - F L O P S   A C C O U N T I N G

 NB=Group-cutoff nonbonded kernels    NxN=N-by-N cluster Verlet kernels
 RF=Reaction-Field  VdW=Van der Waals  QSTab=quadratic-spline table
 W3=SPC/TIP3p  W4=TIP4p (single or pairs)
 V&F=Potential and force  V=Potential only  F=Force only

 Computing:                               M-Number         M-Flops  % Flops
-----------------------------------------------------------------------------
 Pair Search distance check            9428.611806       84857.506     0.1
 NxN Ewald Elec. + LJ [F]           1249580.493280    97467278.476    94.8
 NxN Ewald Elec. + LJ [V&F]           12646.717072     1631426.502     1.6
 NxN Ewald Elec. [F]                  15695.784864      957442.877     0.9
 NxN Ewald Elec. [V&F]                  159.118160       13365.925     0.0
 1,4 nonbonded interactions             204.104082       18369.367     0.0
 Calc Weights                          4361.337225      157008.140     0.2
 Spread Q Bspline                     93041.860800      186083.722     0.2
 Gather F Bspline                     93041.860800      558251.165     0.5
 3D-FFT                              185299.305912     1482394.447     1.4
 Solve PME                              115.202304        7372.947     0.0
 Shift-X                                 18.200950         109.206     0.0
 Bonds                                   39.450789        2327.597     0.0
 Propers                                200.604012       45938.319     0.0
 Impropers                               12.300246        2558.451     0.0
 Pos. Restr.                             38.650773        1932.539     0.0
 Virial                                  14.589120         262.604     0.0
 Stop-CM                                 14.595650         145.957     0.0
 Calc-Ekin                              145.433150        3926.695     0.0
 Lincs                                   38.502310        2310.139     0.0
 Lincs-Mat                              209.412564         837.650     0.0
 Constraint-V                          1453.608142       11628.865     0.0
 Constraint-Vir                          14.178801         340.291     0.0
 Settle                                 458.877531      148217.443     0.1
 CMAP                                     5.000100        8500.170     0.0
 Urey-Bradley                           141.652833       25922.468     0.0
-----------------------------------------------------------------------------
 Total                                               102818809.468   100.0
-----------------------------------------------------------------------------


     R E A L   C Y C L E   A N D   T I M E   A C C O U N T I N G

On 1 MPI rank, each using 32 OpenMP threads

 Computing:          Num   Num      Call    Wall time         Giga-Cycles
                     Ranks Threads  Count      (s)         total sum    %
-----------------------------------------------------------------------------
 Neighbor search        1   32        626      38.060       2551.633   1.0
 Force                  1   32      50001    3289.037     220507.247  85.6
 PME mesh               1   32      50001     392.066      26285.315  10.2
 NB X/F buffer ops.     1   32      99376      64.344       4313.809   1.7
 Write traj.            1   32        105       0.398         26.699   0.0
 Update                 1   32      50001      24.451       1639.249   0.6
 Constraints            1   32      50003      33.189       2225.091   0.9
 Rest                                           3.015        202.136   0.1
-----------------------------------------------------------------------------
 Total                                       3844.559     257751.178 100.0
-----------------------------------------------------------------------------
 Breakdown of PME mesh computation
-----------------------------------------------------------------------------
 PME spread             1   32      50001     183.769      12320.428   4.8
 PME gather             1   32      50001      97.069       6507.808   2.5
 PME 3D-FFT             1   32     100002      94.393       6328.409   2.5
 PME solve Elec         1   32      50001       0.304         20.388   0.0
-----------------------------------------------------------------------------

               Core t (s)   Wall t (s)        (%)
       Time:   123025.789     3844.559     3200.0
                         1h04:04
                 (ns/day)    (hour/ns)
Performance:        2.247       10.679
Finished mdrun on rank 0 Sat Sep 26 01:18:59 2020

