
Lmod is automatically replacing "intel/2016.4" with "gcc/7.3.0".


The following have been reloaded with a version change:
  1) gcccore/.5.4.0 => gcccore/.7.3.0       3) openmpi/2.1.1 => openmpi/3.1.2
  2) imkl/11.3.4.258 => imkl/2018.3.222

                      :-) GROMACS - gmx mdrun, 2020.2 (-:

                            GROMACS is written by:
     Emile Apol      Rossen Apostolov      Paul Bauer     Herman J.C. Berendsen
    Par Bjelkmar      Christian Blau   Viacheslav Bolnykh     Kevin Boyd    
 Aldert van Buuren   Rudi van Drunen     Anton Feenstra       Alan Gray     
  Gerrit Groenhof     Anca Hamuraru    Vincent Hindriksen  M. Eric Irrgang  
  Aleksei Iupinov   Christoph Junghans     Joe Jordan     Dimitrios Karkoulis
    Peter Kasson        Jiri Kraus      Carsten Kutzner      Per Larsson    
  Justin A. Lemkul    Viveca Lindahl    Magnus Lundborg     Erik Marklund   
    Pascal Merz     Pieter Meulenhoff    Teemu Murtola       Szilard Pall   
    Sander Pronk      Roland Schulz      Michael Shirts    Alexey Shvetsov  
   Alfons Sijbers     Peter Tieleman      Jon Vincent      Teemu Virolainen 
 Christian Wennberg    Maarten Wolf      Artem Zhmurov   
                           and the project leaders:
        Mark Abraham, Berk Hess, Erik Lindahl, and David van der Spoel

Copyright (c) 1991-2000, University of Groningen, The Netherlands.
Copyright (c) 2001-2019, The GROMACS development team at
Uppsala University, Stockholm University and
the Royal Institute of Technology, Sweden.
check out http://www.gromacs.org for more information.

GROMACS is free software; you can redistribute it and/or modify it
under the terms of the GNU Lesser General Public License
as published by the Free Software Foundation; either version 2.1
of the License, or (at your option) any later version.

GROMACS:      gmx mdrun, version 2020.2
Executable:   /cvmfs/soft.computecanada.ca/easybuild/software/2017/avx2/MPI/gcc7.3/openmpi3.1/gromacs/2020.2/bin/gmx
Data prefix:  /cvmfs/soft.computecanada.ca/easybuild/software/2017/avx2/MPI/gcc7.3/openmpi3.1/gromacs/2020.2
Working dir:  /home/mastwood/gromacs
Command line:
  gmx mdrun -deffnm nvt


Back Off! I just backed up nvt.log to ./#nvt.log.4#
Reading file nvt.tpr, VERSION 2020.2 (single precision)
Changing nstlist from 20 to 80, rlist from 1.222 to 1.319

Non-default thread affinity set, disabling internal thread affinity

Using 32 OpenMP threads 


Back Off! I just backed up nvt.xtc to ./#nvt.xtc.4#

Back Off! I just backed up nvt.edr to ./#nvt.edr.4#
starting mdrun 'COPC in water'
50000 steps,    100.0 ps.

Writing final coordinates.

Back Off! I just backed up nvt.gro to ./#nvt.gro.1#

               Core t (s)   Wall t (s)        (%)
       Time:   123025.789     3844.559     3200.0
                         1h04:04
                 (ns/day)    (hour/ns)
Performance:        2.247       10.679

GROMACS reminds you: "I spent a lot of money on booze, birds and fast cars. The rest I just squandered." (George Best)

                      :-) GROMACS - gmx grompp, 2020.2 (-:

                            GROMACS is written by:
     Emile Apol      Rossen Apostolov      Paul Bauer     Herman J.C. Berendsen
    Par Bjelkmar      Christian Blau   Viacheslav Bolnykh     Kevin Boyd    
 Aldert van Buuren   Rudi van Drunen     Anton Feenstra       Alan Gray     
  Gerrit Groenhof     Anca Hamuraru    Vincent Hindriksen  M. Eric Irrgang  
  Aleksei Iupinov   Christoph Junghans     Joe Jordan     Dimitrios Karkoulis
    Peter Kasson        Jiri Kraus      Carsten Kutzner      Per Larsson    
  Justin A. Lemkul    Viveca Lindahl    Magnus Lundborg     Erik Marklund   
    Pascal Merz     Pieter Meulenhoff    Teemu Murtola       Szilard Pall   
    Sander Pronk      Roland Schulz      Michael Shirts    Alexey Shvetsov  
   Alfons Sijbers     Peter Tieleman      Jon Vincent      Teemu Virolainen 
 Christian Wennberg    Maarten Wolf      Artem Zhmurov   
                           and the project leaders:
        Mark Abraham, Berk Hess, Erik Lindahl, and David van der Spoel

Copyright (c) 1991-2000, University of Groningen, The Netherlands.
Copyright (c) 2001-2019, The GROMACS development team at
Uppsala University, Stockholm University and
the Royal Institute of Technology, Sweden.
check out http://www.gromacs.org for more information.

GROMACS is free software; you can redistribute it and/or modify it
under the terms of the GNU Lesser General Public License
as published by the Free Software Foundation; either version 2.1
of the License, or (at your option) any later version.

GROMACS:      gmx grompp, version 2020.2
Executable:   /cvmfs/soft.computecanada.ca/easybuild/software/2017/avx2/MPI/gcc7.3/openmpi3.1/gromacs/2020.2/bin/gmx
Data prefix:  /cvmfs/soft.computecanada.ca/easybuild/software/2017/avx2/MPI/gcc7.3/openmpi3.1/gromacs/2020.2
Working dir:  /home/mastwood/gromacs
Command line:
  gmx grompp -f npt.mdp -c nvt.gro -t nvt.cpt -r nvt.gro -p topol.top -n index.ndx -o npt.tpr

Ignoring obsolete mdp entry 'title'
Ignoring obsolete mdp entry 'ns_type'
Setting the LD random seed to 359585107
Generated 100923 of the 101025 non-bonded parameter combinations
Generating 1-4 interactions: fudge = 1
Generated 66746 of the 101025 1-4 parameter combinations
Excluding 3 bonded neighbours molecule type 'Protein_chain_A'
Excluding 1 bonded neighbours molecule type 'CU2P'
Excluding 2 bonded neighbours molecule type 'SOL'
Excluding 1 bonded neighbours molecule type 'NA'
The center of mass of the position restraint coord's is  5.638  5.634  2.651
The center of mass of the position restraint coord's is  5.638  5.634  2.651
Number of degrees of freedom in T-Coupling group Protein_CU2P is 3858.80
Number of degrees of freedom in T-Coupling group Water_and_ions is 55062.20

NOTE 1 [file npt.mdp]:
  Removing center of mass motion in the presence of position restraints
  might cause artifacts. When you are using position restraints to
  equilibrate a macro-molecule, the artifacts are usually negligible.

Reading Coordinates, Velocities and Box size from old trajectory
Will read whole trajectory
Last frame         -1 time  100.000   
Using frame at t = 100 ps
Starting time for run is 0 ps
Estimate for the relative computational load of the PME mesh part: 0.15

There was 1 note

GROMACS reminds you: "I don't know how many of you have ever met Dijkstra, but you probably know that arrogance in computer science is measured in nano-Dijkstras." (Alan Kay)

turning H bonds into constraints...
turning H bonds into constraints...
turning H bonds into constraints...
turning H bonds into constraints...
Determining Verlet buffer for a tolerance of 0.005 kJ/mol/ps at 300 K
Calculated rlist for 1x1 atom pair-list as 1.294 nm, buffer size 0.094 nm
Set rlist, assuming 4x4 atom pair-list, to 1.222 nm, buffer size 0.022 nm
Note that mdrun will redetermine rlist based on the actual pair-list setup
Calculating fourier grid dimensions for X Y Z
Using a fourier grid of 48x48x48, spacing 0.156 0.156 0.156
This run will generate roughly 17 Mb of data
                      :-) GROMACS - gmx mdrun, 2020.2 (-:

                            GROMACS is written by:
     Emile Apol      Rossen Apostolov      Paul Bauer     Herman J.C. Berendsen
    Par Bjelkmar      Christian Blau   Viacheslav Bolnykh     Kevin Boyd    
 Aldert van Buuren   Rudi van Drunen     Anton Feenstra       Alan Gray     
  Gerrit Groenhof     Anca Hamuraru    Vincent Hindriksen  M. Eric Irrgang  
  Aleksei Iupinov   Christoph Junghans     Joe Jordan     Dimitrios Karkoulis
    Peter Kasson        Jiri Kraus      Carsten Kutzner      Per Larsson    
  Justin A. Lemkul    Viveca Lindahl    Magnus Lundborg     Erik Marklund   
    Pascal Merz     Pieter Meulenhoff    Teemu Murtola       Szilard Pall   
    Sander Pronk      Roland Schulz      Michael Shirts    Alexey Shvetsov  
   Alfons Sijbers     Peter Tieleman      Jon Vincent      Teemu Virolainen 
 Christian Wennberg    Maarten Wolf      Artem Zhmurov   
                           and the project leaders:
        Mark Abraham, Berk Hess, Erik Lindahl, and David van der Spoel

Copyright (c) 1991-2000, University of Groningen, The Netherlands.
Copyright (c) 2001-2019, The GROMACS development team at
Uppsala University, Stockholm University and
the Royal Institute of Technology, Sweden.
check out http://www.gromacs.org for more information.

GROMACS is free software; you can redistribute it and/or modify it
under the terms of the GNU Lesser General Public License
as published by the Free Software Foundation; either version 2.1
of the License, or (at your option) any later version.

GROMACS:      gmx mdrun, version 2020.2
Executable:   /cvmfs/soft.computecanada.ca/easybuild/software/2017/avx2/MPI/gcc7.3/openmpi3.1/gromacs/2020.2/bin/gmx
Data prefix:  /cvmfs/soft.computecanada.ca/easybuild/software/2017/avx2/MPI/gcc7.3/openmpi3.1/gromacs/2020.2
Working dir:  /home/mastwood/gromacs
Command line:
  gmx mdrun -deffnm npt

Reading file npt.tpr, VERSION 2020.2 (single precision)
Changing nstlist from 20 to 80, rlist from 1.222 to 1.319

Non-default thread affinity set, disabling internal thread affinity

Using 32 OpenMP threads 

starting mdrun 'COPC in water'
50000 steps,    100.0 ps.

Writing final coordinates.

               Core t (s)   Wall t (s)        (%)
       Time:   127525.327     3985.169     3200.0
                         1h06:25
                 (ns/day)    (hour/ns)
Performance:        2.168       11.070

GROMACS reminds you: "Don't be afraid of hard work. Nothing worthwhile comes easily. Don't let others discourage you or tell you that you can't do it. In my day I was told women didn't go into chemistry. I saw no reason why we couldn't." (Gertrude Elion)

                      :-) GROMACS - gmx grompp, 2020.2 (-:

                            GROMACS is written by:
     Emile Apol      Rossen Apostolov      Paul Bauer     Herman J.C. Berendsen
    Par Bjelkmar      Christian Blau   Viacheslav Bolnykh     Kevin Boyd    
 Aldert van Buuren   Rudi van Drunen     Anton Feenstra       Alan Gray     
  Gerrit Groenhof     Anca Hamuraru    Vincent Hindriksen  M. Eric Irrgang  
  Aleksei Iupinov   Christoph Junghans     Joe Jordan     Dimitrios Karkoulis
    Peter Kasson        Jiri Kraus      Carsten Kutzner      Per Larsson    
  Justin A. Lemkul    Viveca Lindahl    Magnus Lundborg     Erik Marklund   
    Pascal Merz     Pieter Meulenhoff    Teemu Murtola       Szilard Pall   
    Sander Pronk      Roland Schulz      Michael Shirts    Alexey Shvetsov  
   Alfons Sijbers     Peter Tieleman      Jon Vincent      Teemu Virolainen 
 Christian Wennberg    Maarten Wolf      Artem Zhmurov   
                           and the project leaders:
        Mark Abraham, Berk Hess, Erik Lindahl, and David van der Spoel

Copyright (c) 1991-2000, University of Groningen, The Netherlands.
Copyright (c) 2001-2019, The GROMACS development team at
Uppsala University, Stockholm University and
the Royal Institute of Technology, Sweden.
check out http://www.gromacs.org for more information.

GROMACS is free software; you can redistribute it and/or modify it
under the terms of the GNU Lesser General Public License
as published by the Free Software Foundation; either version 2.1
of the License, or (at your option) any later version.

GROMACS:      gmx grompp, version 2020.2
Executable:   /cvmfs/soft.computecanada.ca/easybuild/software/2017/avx2/MPI/gcc7.3/openmpi3.1/gromacs/2020.2/bin/gmx
Data prefix:  /cvmfs/soft.computecanada.ca/easybuild/software/2017/avx2/MPI/gcc7.3/openmpi3.1/gromacs/2020.2
Working dir:  /home/mastwood/gromacs
Command line:
  gmx grompp -f md.mdp -c npt.gro -t npt.cpt -p topol.top -n index.ndx -o md_0_10.tpr

Ignoring obsolete mdp entry 'title'
Ignoring obsolete mdp entry 'ns_type'
Setting the LD random seed to 110278822
Generated 100923 of the 101025 non-bonded parameter combinations
Generating 1-4 interactions: fudge = 1
Generated 66746 of the 101025 1-4 parameter combinations
Excluding 3 bonded neighbours molecule type 'Protein_chain_A'
Excluding 1 bonded neighbours molecule type 'CU2P'
Excluding 2 bonded neighbours molecule type 'SOL'
Excluding 1 bonded neighbours molecule type 'NA'

-------------------------------------------------------
Program:     gmx grompp, version 2020.2
Source file: src/gromacs/gmxpreprocess/readir.cpp (line 2701)

Fatal error:
Group Protein_JZ4 referenced in the .mdp file was not found in the index file.
Group names must match either [moleculetype] names or custom index group
names, in which case you must supply an index file to the '-n' option
of grompp.

For more information and tips for troubleshooting, please check the GROMACS
website at http://www.gromacs.org/Documentation/Errors
-------------------------------------------------------
turning H bonds into constraints...
turning H bonds into constraints...
turning H bonds into constraints...
turning H bonds into constraints...
                      :-) GROMACS - gmx mdrun, 2020.2 (-:

                            GROMACS is written by:
     Emile Apol      Rossen Apostolov      Paul Bauer     Herman J.C. Berendsen
    Par Bjelkmar      Christian Blau   Viacheslav Bolnykh     Kevin Boyd    
 Aldert van Buuren   Rudi van Drunen     Anton Feenstra       Alan Gray     
  Gerrit Groenhof     Anca Hamuraru    Vincent Hindriksen  M. Eric Irrgang  
  Aleksei Iupinov   Christoph Junghans     Joe Jordan     Dimitrios Karkoulis
    Peter Kasson        Jiri Kraus      Carsten Kutzner      Per Larsson    
  Justin A. Lemkul    Viveca Lindahl    Magnus Lundborg     Erik Marklund   
    Pascal Merz     Pieter Meulenhoff    Teemu Murtola       Szilard Pall   
    Sander Pronk      Roland Schulz      Michael Shirts    Alexey Shvetsov  
   Alfons Sijbers     Peter Tieleman      Jon Vincent      Teemu Virolainen 
 Christian Wennberg    Maarten Wolf      Artem Zhmurov   
                           and the project leaders:
        Mark Abraham, Berk Hess, Erik Lindahl, and David van der Spoel

Copyright (c) 1991-2000, University of Groningen, The Netherlands.
Copyright (c) 2001-2019, The GROMACS development team at
Uppsala University, Stockholm University and
the Royal Institute of Technology, Sweden.
check out http://www.gromacs.org for more information.

GROMACS is free software; you can redistribute it and/or modify it
under the terms of the GNU Lesser General Public License
as published by the Free Software Foundation; either version 2.1
of the License, or (at your option) any later version.

GROMACS:      gmx mdrun, version 2020.2
Executable:   /cvmfs/soft.computecanada.ca/easybuild/software/2017/avx2/MPI/gcc7.3/openmpi3.1/gromacs/2020.2/bin/gmx
Data prefix:  /cvmfs/soft.computecanada.ca/easybuild/software/2017/avx2/MPI/gcc7.3/openmpi3.1/gromacs/2020.2
Working dir:  /home/mastwood/gromacs
Command line:
  gmx mdrun -deffnm md_0_10


-------------------------------------------------------
Program:     gmx mdrun, version 2020.2
Source file: src/gromacs/options/options.cpp (line 179)
Function:    void gmx::internal::OptionSectionImpl::finish()

Error in user input:
Invalid input values
  In option s
    Required option was not provided, and the default file 'topol' does not
    exist or is not accessible.
    The following extensions were tried to complete the file name:
      .tpr

For more information and tips for troubleshooting, please check the GROMACS
website at http://www.gromacs.org/Documentation/Errors
-------------------------------------------------------
