                      :-) GROMACS - gmx mdrun, 2019.3 (-:

                            GROMACS is written by:
     Emile Apol      Rossen Apostolov      Paul Bauer     Herman J.C. Berendsen
    Par Bjelkmar      Christian Blau   Viacheslav Bolnykh     Kevin Boyd    
 Aldert van Buuren   Rudi van Drunen     Anton Feenstra       Alan Gray     
  Gerrit Groenhof     Anca Hamuraru    Vincent Hindriksen  M. Eric Irrgang  
  Aleksei Iupinov   Christoph Junghans     Joe Jordan     Dimitrios Karkoulis
    Peter Kasson        Jiri Kraus      Carsten Kutzner      Per Larsson    
  Justin A. Lemkul    Viveca Lindahl    Magnus Lundborg     Erik Marklund   
    Pascal Merz     Pieter Meulenhoff    Teemu Murtola       Szilard Pall   
    Sander Pronk      Roland Schulz      Michael Shirts    Alexey Shvetsov  
   Alfons Sijbers     Peter Tieleman      Jon Vincent      Teemu Virolainen 
 Christian Wennberg    Maarten Wolf   
                           and the project leaders:
        Mark Abraham, Berk Hess, Erik Lindahl, and David van der Spoel

Copyright (c) 1991-2000, University of Groningen, The Netherlands.
Copyright (c) 2001-2018, The GROMACS development team at
Uppsala University, Stockholm University and
the Royal Institute of Technology, Sweden.
check out http://www.gromacs.org for more information.

GROMACS is free software; you can redistribute it and/or modify it
under the terms of the GNU Lesser General Public License
as published by the Free Software Foundation; either version 2.1
of the License, or (at your option) any later version.

GROMACS:      gmx mdrun, version 2019.3
Executable:   /cvmfs/soft.computecanada.ca/easybuild/software/2017/avx2/MPI/gcc7.3/openmpi3.1/gromacs/2019.3/bin/gmx
Data prefix:  /cvmfs/soft.computecanada.ca/easybuild/software/2017/avx2/MPI/gcc7.3/openmpi3.1/gromacs/2019.3
Working dir:  /home/mastwood/gromacs/prod
Command line:
  gmx mdrun -deffnm nvt


Back Off! I just backed up nvt.log to ./#nvt.log.4#
Reading file nvt.tpr, VERSION 2019.3 (single precision)
Changing nstlist from 20 to 100, rlist from 1.2 to 1.296

Using 32 OpenMP threads 


Non-default thread affinity set probably by the OpenMP library,
disabling internal thread affinity

Back Off! I just backed up nvt.xtc to ./#nvt.xtc.4#

Back Off! I just backed up nvt.edr to ./#nvt.edr.4#
starting mdrun 'COPC in water'
50000 steps,     50.0 ps.
slurmstepd: error: *** JOB 39036474 ON gra289 CANCELLED AT 2020-10-04T19:24:53 ***
